PC=00000100, [00500137], x02=00500000, x00=00000000, x05=00000000 lui      sp, 1280
PC=00000104, [010000ef], x01=00000108, x00=00000000, x16=00000000 jal      ra, 16
PC=00000114, [fc010113], x02=004fffc0, x02=00500000, x00=00000000 addi     sp, sp, -64
PC=00000118, [02812e23], x28=00000000, x02=004fffc0, x08=00000000 sw       s0, 60(sp)
PC=0000011c, [04010413], x08=00500000, x02=004fffc0, x00=00000000 addi     s0, sp, 64
PC=00000120, [00000793], x15=00000000, x00=00000000, x00=00000000 addi     a5, zero, 0
PC=00000124, [00000813], x16=00000000, x00=00000000, x00=00000000 addi     a6, zero, 0
PC=00000128, [fef42423], x08=00500000, x08=00500000, x15=00000000 sw       a5, -24(s0)
PC=0000012c, [ff042623], x12=00000000, x08=00500000, x16=00000000 sw       a6, -20(s0)
PC=00000130, [fe0403a3], x07=00000000, x08=00500000, x00=00000000 sb       zero, -25(s0)
PC=00000134, [0400006f], x00=00000000, x00=00000000, x00=00000000 jal      zero, 64
PC=00000174, [fe744703], x14=00000000, x08=00500000, x07=00000000 lbu      a4, s0, -25
PC=00000178, [00400793], x15=00000004, x00=00000000, x04=00000000 addi     a5, zero, 4
PC=0000017c, [fae7fee3], x29=00000000, x15=00000004, x14=00000000 bgeu     a5, a4, -68
PC=00000138, [fe842603], x12=00000000, x08=00500000, x08=00500000 lw       a2, s0, -24
PC=0000013c, [fec42683], x13=00000000, x08=00500000, x12=00000000 lw       a3, s0, -20
PC=00000140, [00100513], x10=00000001, x00=00000000, x01=00000108 addi     a0, zero, 1
PC=00000144, [00000593], x11=00000000, x00=00000000, x00=00000000 addi     a1, zero, 0
PC=00000148, [00a60733], x14=00000001, x12=00000000, x10=00000001 add      a4, a2, a0
PC=0000014c, [00070813], x16=00000001, x14=00000001, x00=00000000 addi     a6, a4, 0
PC=00000150, [00c83833], x16=00000000, x16=00000001, x12=00000000 sltu     a6, a6, a2
PC=00000154, [00b687b3], x15=00000000, x13=00000000, x11=00000000 add      a5, a3, a1
PC=00000158, [00f806b3], x13=00000000, x16=00000000, x15=00000000 add      a3, a6, a5
PC=0000015c, [00068793], x15=00000000, x13=00000000, x00=00000000 addi     a5, a3, 0
PC=00000160, [fee42423], x08=00500000, x08=00500000, x14=00000001 sw       a4, -24(s0)
PC=00000164, [fef42623], x12=00000000, x08=00500000, x15=00000000 sw       a5, -20(s0)
PC=00000168, [fe744783], x15=00000000, x08=00500000, x07=00000000 lbu      a5, s0, -25
PC=0000016c, [00178793], x15=00000001, x15=00000000, x01=00000108 addi     a5, a5, 1
PC=00000170, [fef403a3], x07=00000000, x08=00500000, x15=00000001 sb       a5, -25(s0)
PC=00000174, [fe744703], x14=00000001, x08=00500000, x07=00000000 lbu      a4, s0, -25
PC=00000178, [00400793], x15=00000004, x00=00000000, x04=00000000 addi     a5, zero, 4
PC=0000017c, [fae7fee3], x29=00000000, x15=00000004, x14=00000001 bgeu     a5, a4, -68
PC=00000138, [fe842603], x12=00000001, x08=00500000, x08=00500000 lw       a2, s0, -24
PC=0000013c, [fec42683], x13=00000000, x08=00500000, x12=00000001 lw       a3, s0, -20
PC=00000140, [00100513], x10=00000001, x00=00000000, x01=00000108 addi     a0, zero, 1
PC=00000144, [00000593], x11=00000000, x00=00000000, x00=00000000 addi     a1, zero, 0
PC=00000148, [00a60733], x14=00000002, x12=00000001, x10=00000001 add      a4, a2, a0
PC=0000014c, [00070813], x16=00000002, x14=00000002, x00=00000000 addi     a6, a4, 0
PC=00000150, [00c83833], x16=00000000, x16=00000002, x12=00000001 sltu     a6, a6, a2
PC=00000154, [00b687b3], x15=00000000, x13=00000000, x11=00000000 add      a5, a3, a1
PC=00000158, [00f806b3], x13=00000000, x16=00000000, x15=00000000 add      a3, a6, a5
PC=0000015c, [00068793], x15=00000000, x13=00000000, x00=00000000 addi     a5, a3, 0
PC=00000160, [fee42423], x08=00500000, x08=00500000, x14=00000002 sw       a4, -24(s0)
PC=00000164, [fef42623], x12=00000001, x08=00500000, x15=00000000 sw       a5, -20(s0)
PC=00000168, [fe744783], x15=00000001, x08=00500000, x07=00000000 lbu      a5, s0, -25
PC=0000016c, [00178793], x15=00000002, x15=00000001, x01=00000108 addi     a5, a5, 1
PC=00000170, [fef403a3], x07=00000000, x08=00500000, x15=00000002 sb       a5, -25(s0)
PC=00000174, [fe744703], x14=00000002, x08=00500000, x07=00000000 lbu      a4, s0, -25
PC=00000178, [00400793], x15=00000004, x00=00000000, x04=00000000 addi     a5, zero, 4
PC=0000017c, [fae7fee3], x29=00000000, x15=00000004, x14=00000002 bgeu     a5, a4, -68
PC=00000138, [fe842603], x12=00000002, x08=00500000, x08=00500000 lw       a2, s0, -24
PC=0000013c, [fec42683], x13=00000000, x08=00500000, x12=00000002 lw       a3, s0, -20
PC=00000140, [00100513], x10=00000001, x00=00000000, x01=00000108 addi     a0, zero, 1
PC=00000144, [00000593], x11=00000000, x00=00000000, x00=00000000 addi     a1, zero, 0
PC=00000148, [00a60733], x14=00000003, x12=00000002, x10=00000001 add      a4, a2, a0
PC=0000014c, [00070813], x16=00000003, x14=00000003, x00=00000000 addi     a6, a4, 0
PC=00000150, [00c83833], x16=00000000, x16=00000003, x12=00000002 sltu     a6, a6, a2
PC=00000154, [00b687b3], x15=00000000, x13=00000000, x11=00000000 add      a5, a3, a1
PC=00000158, [00f806b3], x13=00000000, x16=00000000, x15=00000000 add      a3, a6, a5
PC=0000015c, [00068793], x15=00000000, x13=00000000, x00=00000000 addi     a5, a3, 0
PC=00000160, [fee42423], x08=00500000, x08=00500000, x14=00000003 sw       a4, -24(s0)
PC=00000164, [fef42623], x12=00000002, x08=00500000, x15=00000000 sw       a5, -20(s0)
PC=00000168, [fe744783], x15=00000002, x08=00500000, x07=00000000 lbu      a5, s0, -25
PC=0000016c, [00178793], x15=00000003, x15=00000002, x01=00000108 addi     a5, a5, 1
PC=00000170, [fef403a3], x07=00000000, x08=00500000, x15=00000003 sb       a5, -25(s0)
PC=00000174, [fe744703], x14=00000003, x08=00500000, x07=00000000 lbu      a4, s0, -25
PC=00000178, [00400793], x15=00000004, x00=00000000, x04=00000000 addi     a5, zero, 4
PC=0000017c, [fae7fee3], x29=00000000, x15=00000004, x14=00000003 bgeu     a5, a4, -68
PC=00000138, [fe842603], x12=00000003, x08=00500000, x08=00500000 lw       a2, s0, -24
PC=0000013c, [fec42683], x13=00000000, x08=00500000, x12=00000003 lw       a3, s0, -20
PC=00000140, [00100513], x10=00000001, x00=00000000, x01=00000108 addi     a0, zero, 1
PC=00000144, [00000593], x11=00000000, x00=00000000, x00=00000000 addi     a1, zero, 0
PC=00000148, [00a60733], x14=00000004, x12=00000003, x10=00000001 add      a4, a2, a0
PC=0000014c, [00070813], x16=00000004, x14=00000004, x00=00000000 addi     a6, a4, 0
PC=00000150, [00c83833], x16=00000000, x16=00000004, x12=00000003 sltu     a6, a6, a2
PC=00000154, [00b687b3], x15=00000000, x13=00000000, x11=00000000 add      a5, a3, a1
PC=00000158, [00f806b3], x13=00000000, x16=00000000, x15=00000000 add      a3, a6, a5
PC=0000015c, [00068793], x15=00000000, x13=00000000, x00=00000000 addi     a5, a3, 0
PC=00000160, [fee42423], x08=00500000, x08=00500000, x14=00000004 sw       a4, -24(s0)
PC=00000164, [fef42623], x12=00000003, x08=00500000, x15=00000000 sw       a5, -20(s0)
PC=00000168, [fe744783], x15=00000003, x08=00500000, x07=00000000 lbu      a5, s0, -25
PC=0000016c, [00178793], x15=00000004, x15=00000003, x01=00000108 addi     a5, a5, 1
PC=00000170, [fef403a3], x07=00000000, x08=00500000, x15=00000004 sb       a5, -25(s0)
PC=00000174, [fe744703], x14=00000004, x08=00500000, x07=00000000 lbu      a4, s0, -25
PC=00000178, [00400793], x15=00000004, x00=00000000, x04=00000000 addi     a5, zero, 4
PC=0000017c, [fae7fee3], x29=00000000, x15=00000004, x14=00000004 bgeu     a5, a4, -68
PC=00000138, [fe842603], x12=00000004, x08=00500000, x08=00500000 lw       a2, s0, -24
PC=0000013c, [fec42683], x13=00000000, x08=00500000, x12=00000004 lw       a3, s0, -20
PC=00000140, [00100513], x10=00000001, x00=00000000, x01=00000108 addi     a0, zero, 1
PC=00000144, [00000593], x11=00000000, x00=00000000, x00=00000000 addi     a1, zero, 0
PC=00000148, [00a60733], x14=00000005, x12=00000004, x10=00000001 add      a4, a2, a0
PC=0000014c, [00070813], x16=00000005, x14=00000005, x00=00000000 addi     a6, a4, 0
PC=00000150, [00c83833], x16=00000000, x16=00000005, x12=00000004 sltu     a6, a6, a2
PC=00000154, [00b687b3], x15=00000000, x13=00000000, x11=00000000 add      a5, a3, a1
PC=00000158, [00f806b3], x13=00000000, x16=00000000, x15=00000000 add      a3, a6, a5
PC=0000015c, [00068793], x15=00000000, x13=00000000, x00=00000000 addi     a5, a3, 0
PC=00000160, [fee42423], x08=00500000, x08=00500000, x14=00000005 sw       a4, -24(s0)
PC=00000164, [fef42623], x12=00000004, x08=00500000, x15=00000000 sw       a5, -20(s0)
PC=00000168, [fe744783], x15=00000004, x08=00500000, x07=00000000 lbu      a5, s0, -25
PC=0000016c, [00178793], x15=00000005, x15=00000004, x01=00000108 addi     a5, a5, 1
PC=00000170, [fef403a3], x07=00000000, x08=00500000, x15=00000005 sb       a5, -25(s0)
PC=00000174, [fe744703], x14=00000005, x08=00500000, x07=00000000 lbu      a4, s0, -25
PC=00000178, [00400793], x15=00000004, x00=00000000, x04=00000000 addi     a5, zero, 4
PC=0000017c, [fae7fee3], x29=00000000, x15=00000004, x14=00000005 bgeu     a5, a4, -68
PC=00000180, [fe0403a3], x07=00000000, x08=00500000, x00=00000000 sb       zero, -25(s0)
PC=00000184, [fe040323], x06=00000000, x08=00500000, x00=00000000 sb       zero, -26(s0)
PC=00000188, [0480006f], x00=00000000, x00=00000000, x08=00500000 jal      zero, 72
PC=000001d0, [fe640703], x14=00000000, x08=00500000, x06=00000000 lb       a4, s0, -26
PC=000001d4, [00400793], x15=00000004, x00=00000000, x04=00000000 addi     a5, zero, 4
PC=000001d8, [fae7dae3], x21=00000000, x15=00000004, x14=00000000 bge      a5, a4, -76
PC=0000018c, [fe842603], x12=00000005, x08=00500000, x08=00500000 lw       a2, s0, -24
PC=00000190, [fec42683], x13=00000000, x08=00500000, x12=00000005 lw       a3, s0, -20
PC=00000194, [00100513], x10=00000001, x00=00000000, x01=00000108 addi     a0, zero, 1
PC=00000198, [00000593], x11=00000000, x00=00000000, x00=00000000 addi     a1, zero, 0
PC=0000019c, [00a60733], x14=00000006, x12=00000005, x10=00000001 add      a4, a2, a0
PC=000001a0, [00070813], x16=00000006, x14=00000006, x00=00000000 addi     a6, a4, 0
PC=000001a4, [00c83833], x16=00000000, x16=00000006, x12=00000005 sltu     a6, a6, a2
PC=000001a8, [00b687b3], x15=00000000, x13=00000000, x11=00000000 add      a5, a3, a1
PC=000001ac, [00f806b3], x13=00000000, x16=00000000, x15=00000000 add      a3, a6, a5
PC=000001b0, [00068793], x15=00000000, x13=00000000, x00=00000000 addi     a5, a3, 0
PC=000001b4, [fee42423], x08=00500000, x08=00500000, x14=00000006 sw       a4, -24(s0)
PC=000001b8, [fef42623], x12=00000005, x08=00500000, x15=00000000 sw       a5, -20(s0)
PC=000001bc, [fe640783], x15=00000000, x08=00500000, x06=00000000 lb       a5, s0, -26
PC=000001c0, [0ff7f793], x15=00000000, x15=00000000, x31=00000000 andi     a5, a5, 255
PC=000001c4, [00178793], x15=00000001, x15=00000000, x01=00000108 addi     a5, a5, 1
PC=000001c8, [0ff7f793], x15=00000001, x15=00000001, x31=00000000 andi     a5, a5, 255
PC=000001cc, [fef40323], x06=00000000, x08=00500000, x15=00000001 sb       a5, -26(s0)
PC=000001d0, [fe640703], x14=00000001, x08=00500000, x06=00000000 lb       a4, s0, -26
PC=000001d4, [00400793], x15=00000004, x00=00000000, x04=00000000 addi     a5, zero, 4
PC=000001d8, [fae7dae3], x21=00000000, x15=00000004, x14=00000001 bge      a5, a4, -76
PC=0000018c, [fe842603], x12=00000006, x08=00500000, x08=00500000 lw       a2, s0, -24
PC=00000190, [fec42683], x13=00000000, x08=00500000, x12=00000006 lw       a3, s0, -20
PC=00000194, [00100513], x10=00000001, x00=00000000, x01=00000108 addi     a0, zero, 1
PC=00000198, [00000593], x11=00000000, x00=00000000, x00=00000000 addi     a1, zero, 0
PC=0000019c, [00a60733], x14=00000007, x12=00000006, x10=00000001 add      a4, a2, a0
PC=000001a0, [00070813], x16=00000007, x14=00000007, x00=00000000 addi     a6, a4, 0
PC=000001a4, [00c83833], x16=00000000, x16=00000007, x12=00000006 sltu     a6, a6, a2
PC=000001a8, [00b687b3], x15=00000000, x13=00000000, x11=00000000 add      a5, a3, a1
PC=000001ac, [00f806b3], x13=00000000, x16=00000000, x15=00000000 add      a3, a6, a5
PC=000001b0, [00068793], x15=00000000, x13=00000000, x00=00000000 addi     a5, a3, 0
PC=000001b4, [fee42423], x08=00500000, x08=00500000, x14=00000007 sw       a4, -24(s0)
PC=000001b8, [fef42623], x12=00000006, x08=00500000, x15=00000000 sw       a5, -20(s0)
PC=000001bc, [fe640783], x15=00000001, x08=00500000, x06=00000000 lb       a5, s0, -26
PC=000001c0, [0ff7f793], x15=00000001, x15=00000001, x31=00000000 andi     a5, a5, 255
PC=000001c4, [00178793], x15=00000002, x15=00000001, x01=00000108 addi     a5, a5, 1
PC=000001c8, [0ff7f793], x15=00000002, x15=00000002, x31=00000000 andi     a5, a5, 255
PC=000001cc, [fef40323], x06=00000000, x08=00500000, x15=00000002 sb       a5, -26(s0)
PC=000001d0, [fe640703], x14=00000002, x08=00500000, x06=00000000 lb       a4, s0, -26
PC=000001d4, [00400793], x15=00000004, x00=00000000, x04=00000000 addi     a5, zero, 4
PC=000001d8, [fae7dae3], x21=00000000, x15=00000004, x14=00000002 bge      a5, a4, -76
PC=0000018c, [fe842603], x12=00000007, x08=00500000, x08=00500000 lw       a2, s0, -24
PC=00000190, [fec42683], x13=00000000, x08=00500000, x12=00000007 lw       a3, s0, -20
PC=00000194, [00100513], x10=00000001, x00=00000000, x01=00000108 addi     a0, zero, 1
PC=00000198, [00000593], x11=00000000, x00=00000000, x00=00000000 addi     a1, zero, 0
PC=0000019c, [00a60733], x14=00000008, x12=00000007, x10=00000001 add      a4, a2, a0
PC=000001a0, [00070813], x16=00000008, x14=00000008, x00=00000000 addi     a6, a4, 0
PC=000001a4, [00c83833], x16=00000000, x16=00000008, x12=00000007 sltu     a6, a6, a2
PC=000001a8, [00b687b3], x15=00000000, x13=00000000, x11=00000000 add      a5, a3, a1
PC=000001ac, [00f806b3], x13=00000000, x16=00000000, x15=00000000 add      a3, a6, a5
PC=000001b0, [00068793], x15=00000000, x13=00000000, x00=00000000 addi     a5, a3, 0
PC=000001b4, [fee42423], x08=00500000, x08=00500000, x14=00000008 sw       a4, -24(s0)
PC=000001b8, [fef42623], x12=00000007, x08=00500000, x15=00000000 sw       a5, -20(s0)
PC=000001bc, [fe640783], x15=00000002, x08=00500000, x06=00000000 lb       a5, s0, -26
PC=000001c0, [0ff7f793], x15=00000002, x15=00000002, x31=00000000 andi     a5, a5, 255
PC=000001c4, [00178793], x15=00000003, x15=00000002, x01=00000108 addi     a5, a5, 1
PC=000001c8, [0ff7f793], x15=00000003, x15=00000003, x31=00000000 andi     a5, a5, 255
PC=000001cc, [fef40323], x06=00000000, x08=00500000, x15=00000003 sb       a5, -26(s0)
PC=000001d0, [fe640703], x14=00000003, x08=00500000, x06=00000000 lb       a4, s0, -26
PC=000001d4, [00400793], x15=00000004, x00=00000000, x04=00000000 addi     a5, zero, 4
PC=000001d8, [fae7dae3], x21=00000000, x15=00000004, x14=00000003 bge      a5, a4, -76
PC=0000018c, [fe842603], x12=00000008, x08=00500000, x08=00500000 lw       a2, s0, -24
PC=00000190, [fec42683], x13=00000000, x08=00500000, x12=00000008 lw       a3, s0, -20
PC=00000194, [00100513], x10=00000001, x00=00000000, x01=00000108 addi     a0, zero, 1
PC=00000198, [00000593], x11=00000000, x00=00000000, x00=00000000 addi     a1, zero, 0
PC=0000019c, [00a60733], x14=00000009, x12=00000008, x10=00000001 add      a4, a2, a0
PC=000001a0, [00070813], x16=00000009, x14=00000009, x00=00000000 addi     a6, a4, 0
PC=000001a4, [00c83833], x16=00000000, x16=00000009, x12=00000008 sltu     a6, a6, a2
PC=000001a8, [00b687b3], x15=00000000, x13=00000000, x11=00000000 add      a5, a3, a1
PC=000001ac, [00f806b3], x13=00000000, x16=00000000, x15=00000000 add      a3, a6, a5
PC=000001b0, [00068793], x15=00000000, x13=00000000, x00=00000000 addi     a5, a3, 0
PC=000001b4, [fee42423], x08=00500000, x08=00500000, x14=00000009 sw       a4, -24(s0)
PC=000001b8, [fef42623], x12=00000008, x08=00500000, x15=00000000 sw       a5, -20(s0)
PC=000001bc, [fe640783], x15=00000003, x08=00500000, x06=00000000 lb       a5, s0, -26
PC=000001c0, [0ff7f793], x15=00000003, x15=00000003, x31=00000000 andi     a5, a5, 255
PC=000001c4, [00178793], x15=00000004, x15=00000003, x01=00000108 addi     a5, a5, 1
PC=000001c8, [0ff7f793], x15=00000004, x15=00000004, x31=00000000 andi     a5, a5, 255
PC=000001cc, [fef40323], x06=00000000, x08=00500000, x15=00000004 sb       a5, -26(s0)
PC=000001d0, [fe640703], x14=00000004, x08=00500000, x06=00000000 lb       a4, s0, -26
PC=000001d4, [00400793], x15=00000004, x00=00000000, x04=00000000 addi     a5, zero, 4
PC=000001d8, [fae7dae3], x21=00000000, x15=00000004, x14=00000004 bge      a5, a4, -76
PC=0000018c, [fe842603], x12=00000009, x08=00500000, x08=00500000 lw       a2, s0, -24
PC=00000190, [fec42683], x13=00000000, x08=00500000, x12=00000009 lw       a3, s0, -20
PC=00000194, [00100513], x10=00000001, x00=00000000, x01=00000108 addi     a0, zero, 1
PC=00000198, [00000593], x11=00000000, x00=00000000, x00=00000000 addi     a1, zero, 0
PC=0000019c, [00a60733], x14=0000000a, x12=00000009, x10=00000001 add      a4, a2, a0
PC=000001a0, [00070813], x16=0000000a, x14=0000000a, x00=00000000 addi     a6, a4, 0
PC=000001a4, [00c83833], x16=00000000, x16=0000000a, x12=00000009 sltu     a6, a6, a2
PC=000001a8, [00b687b3], x15=00000000, x13=00000000, x11=00000000 add      a5, a3, a1
PC=000001ac, [00f806b3], x13=00000000, x16=00000000, x15=00000000 add      a3, a6, a5
PC=000001b0, [00068793], x15=00000000, x13=00000000, x00=00000000 addi     a5, a3, 0
PC=000001b4, [fee42423], x08=00500000, x08=00500000, x14=0000000a sw       a4, -24(s0)
PC=000001b8, [fef42623], x12=00000009, x08=00500000, x15=00000000 sw       a5, -20(s0)
PC=000001bc, [fe640783], x15=00000004, x08=00500000, x06=00000000 lb       a5, s0, -26
PC=000001c0, [0ff7f793], x15=00000004, x15=00000004, x31=00000000 andi     a5, a5, 255
PC=000001c4, [00178793], x15=00000005, x15=00000004, x01=00000108 addi     a5, a5, 1
PC=000001c8, [0ff7f793], x15=00000005, x15=00000005, x31=00000000 andi     a5, a5, 255
PC=000001cc, [fef40323], x06=00000000, x08=00500000, x15=00000005 sb       a5, -26(s0)
PC=000001d0, [fe640703], x14=00000005, x08=00500000, x06=00000000 lb       a4, s0, -26
PC=000001d4, [00400793], x15=00000004, x00=00000000, x04=00000000 addi     a5, zero, 4
PC=000001d8, [fae7dae3], x21=00000000, x15=00000004, x14=00000005 bge      a5, a4, -76
PC=000001dc, [fe040323], x06=00000000, x08=00500000, x00=00000000 sb       zero, -26(s0)
PC=000001e0, [fe041223], x04=00000000, x08=00500000, x00=00000000 sh       zero, -28(s0)
PC=000001e4, [0400006f], x00=00000000, x00=00000000, x00=00000000 jal      zero, 64
PC=00000224, [fe445703], x14=00000000, x08=00500000, x04=00000000 lhu      a4, s0, -28
PC=00000228, [00400793], x15=00000004, x00=00000000, x04=00000000 addi     a5, zero, 4
PC=0000022c, [fae7fee3], x29=00000000, x15=00000004, x14=00000000 bgeu     a5, a4, -68
PC=000001e8, [fe842603], x12=0000000a, x08=00500000, x08=00500000 lw       a2, s0, -24
PC=000001ec, [fec42683], x13=00000000, x08=00500000, x12=0000000a lw       a3, s0, -20
PC=000001f0, [00100513], x10=00000001, x00=00000000, x01=00000108 addi     a0, zero, 1
PC=000001f4, [00000593], x11=00000000, x00=00000000, x00=00000000 addi     a1, zero, 0
PC=000001f8, [00a60733], x14=0000000b, x12=0000000a, x10=00000001 add      a4, a2, a0
PC=000001fc, [00070813], x16=0000000b, x14=0000000b, x00=00000000 addi     a6, a4, 0
PC=00000200, [00c83833], x16=00000000, x16=0000000b, x12=0000000a sltu     a6, a6, a2
PC=00000204, [00b687b3], x15=00000000, x13=00000000, x11=00000000 add      a5, a3, a1
PC=00000208, [00f806b3], x13=00000000, x16=00000000, x15=00000000 add      a3, a6, a5
PC=0000020c, [00068793], x15=00000000, x13=00000000, x00=00000000 addi     a5, a3, 0
PC=00000210, [fee42423], x08=00500000, x08=00500000, x14=0000000b sw       a4, -24(s0)
PC=00000214, [fef42623], x12=0000000a, x08=00500000, x15=00000000 sw       a5, -20(s0)
PC=00000218, [fe445783], x15=00000000, x08=00500000, x04=00000000 lhu      a5, s0, -28
PC=0000021c, [00178793], x15=00000001, x15=00000000, x01=00000108 addi     a5, a5, 1
PC=00000220, [fef41223], x04=00000000, x08=00500000, x15=00000001 sh       a5, -28(s0)
PC=00000224, [fe445703], x14=00000001, x08=00500000, x04=00000000 lhu      a4, s0, -28
PC=00000228, [00400793], x15=00000004, x00=00000000, x04=00000000 addi     a5, zero, 4
PC=0000022c, [fae7fee3], x29=00000000, x15=00000004, x14=00000001 bgeu     a5, a4, -68
PC=000001e8, [fe842603], x12=0000000b, x08=00500000, x08=00500000 lw       a2, s0, -24
PC=000001ec, [fec42683], x13=00000000, x08=00500000, x12=0000000b lw       a3, s0, -20
PC=000001f0, [00100513], x10=00000001, x00=00000000, x01=00000108 addi     a0, zero, 1
PC=000001f4, [00000593], x11=00000000, x00=00000000, x00=00000000 addi     a1, zero, 0
PC=000001f8, [00a60733], x14=0000000c, x12=0000000b, x10=00000001 add      a4, a2, a0
PC=000001fc, [00070813], x16=0000000c, x14=0000000c, x00=00000000 addi     a6, a4, 0
PC=00000200, [00c83833], x16=00000000, x16=0000000c, x12=0000000b sltu     a6, a6, a2
PC=00000204, [00b687b3], x15=00000000, x13=00000000, x11=00000000 add      a5, a3, a1
PC=00000208, [00f806b3], x13=00000000, x16=00000000, x15=00000000 add      a3, a6, a5
PC=0000020c, [00068793], x15=00000000, x13=00000000, x00=00000000 addi     a5, a3, 0
PC=00000210, [fee42423], x08=00500000, x08=00500000, x14=0000000c sw       a4, -24(s0)
PC=00000214, [fef42623], x12=0000000b, x08=00500000, x15=00000000 sw       a5, -20(s0)
PC=00000218, [fe445783], x15=00000001, x08=00500000, x04=00000000 lhu      a5, s0, -28
PC=0000021c, [00178793], x15=00000002, x15=00000001, x01=00000108 addi     a5, a5, 1
PC=00000220, [fef41223], x04=00000000, x08=00500000, x15=00000002 sh       a5, -28(s0)
PC=00000224, [fe445703], x14=00000002, x08=00500000, x04=00000000 lhu      a4, s0, -28
PC=00000228, [00400793], x15=00000004, x00=00000000, x04=00000000 addi     a5, zero, 4
PC=0000022c, [fae7fee3], x29=00000000, x15=00000004, x14=00000002 bgeu     a5, a4, -68
PC=000001e8, [fe842603], x12=0000000c, x08=00500000, x08=00500000 lw       a2, s0, -24
PC=000001ec, [fec42683], x13=00000000, x08=00500000, x12=0000000c lw       a3, s0, -20
PC=000001f0, [00100513], x10=00000001, x00=00000000, x01=00000108 addi     a0, zero, 1
PC=000001f4, [00000593], x11=00000000, x00=00000000, x00=00000000 addi     a1, zero, 0
PC=000001f8, [00a60733], x14=0000000d, x12=0000000c, x10=00000001 add      a4, a2, a0
PC=000001fc, [00070813], x16=0000000d, x14=0000000d, x00=00000000 addi     a6, a4, 0
PC=00000200, [00c83833], x16=00000000, x16=0000000d, x12=0000000c sltu     a6, a6, a2
PC=00000204, [00b687b3], x15=00000000, x13=00000000, x11=00000000 add      a5, a3, a1
PC=00000208, [00f806b3], x13=00000000, x16=00000000, x15=00000000 add      a3, a6, a5
PC=0000020c, [00068793], x15=00000000, x13=00000000, x00=00000000 addi     a5, a3, 0
PC=00000210, [fee42423], x08=00500000, x08=00500000, x14=0000000d sw       a4, -24(s0)
PC=00000214, [fef42623], x12=0000000c, x08=00500000, x15=00000000 sw       a5, -20(s0)
PC=00000218, [fe445783], x15=00000002, x08=00500000, x04=00000000 lhu      a5, s0, -28
PC=0000021c, [00178793], x15=00000003, x15=00000002, x01=00000108 addi     a5, a5, 1
PC=00000220, [fef41223], x04=00000000, x08=00500000, x15=00000003 sh       a5, -28(s0)
PC=00000224, [fe445703], x14=00000003, x08=00500000, x04=00000000 lhu      a4, s0, -28
PC=00000228, [00400793], x15=00000004, x00=00000000, x04=00000000 addi     a5, zero, 4
PC=0000022c, [fae7fee3], x29=00000000, x15=00000004, x14=00000003 bgeu     a5, a4, -68
PC=000001e8, [fe842603], x12=0000000d, x08=00500000, x08=00500000 lw       a2, s0, -24
PC=000001ec, [fec42683], x13=00000000, x08=00500000, x12=0000000d lw       a3, s0, -20
PC=000001f0, [00100513], x10=00000001, x00=00000000, x01=00000108 addi     a0, zero, 1
PC=000001f4, [00000593], x11=00000000, x00=00000000, x00=00000000 addi     a1, zero, 0
PC=000001f8, [00a60733], x14=0000000e, x12=0000000d, x10=00000001 add      a4, a2, a0
PC=000001fc, [00070813], x16=0000000e, x14=0000000e, x00=00000000 addi     a6, a4, 0
PC=00000200, [00c83833], x16=00000000, x16=0000000e, x12=0000000d sltu     a6, a6, a2
PC=00000204, [00b687b3], x15=00000000, x13=00000000, x11=00000000 add      a5, a3, a1
PC=00000208, [00f806b3], x13=00000000, x16=00000000, x15=00000000 add      a3, a6, a5
PC=0000020c, [00068793], x15=00000000, x13=00000000, x00=00000000 addi     a5, a3, 0
PC=00000210, [fee42423], x08=00500000, x08=00500000, x14=0000000e sw       a4, -24(s0)
PC=00000214, [fef42623], x12=0000000d, x08=00500000, x15=00000000 sw       a5, -20(s0)
PC=00000218, [fe445783], x15=00000003, x08=00500000, x04=00000000 lhu      a5, s0, -28
PC=0000021c, [00178793], x15=00000004, x15=00000003, x01=00000108 addi     a5, a5, 1
PC=00000220, [fef41223], x04=00000000, x08=00500000, x15=00000004 sh       a5, -28(s0)
PC=00000224, [fe445703], x14=00000004, x08=00500000, x04=00000000 lhu      a4, s0, -28
PC=00000228, [00400793], x15=00000004, x00=00000000, x04=00000000 addi     a5, zero, 4
PC=0000022c, [fae7fee3], x29=00000000, x15=00000004, x14=00000004 bgeu     a5, a4, -68
PC=000001e8, [fe842603], x12=0000000e, x08=00500000, x08=00500000 lw       a2, s0, -24
PC=000001ec, [fec42683], x13=00000000, x08=00500000, x12=0000000e lw       a3, s0, -20
PC=000001f0, [00100513], x10=00000001, x00=00000000, x01=00000108 addi     a0, zero, 1
PC=000001f4, [00000593], x11=00000000, x00=00000000, x00=00000000 addi     a1, zero, 0
PC=000001f8, [00a60733], x14=0000000f, x12=0000000e, x10=00000001 add      a4, a2, a0
PC=000001fc, [00070813], x16=0000000f, x14=0000000f, x00=00000000 addi     a6, a4, 0
PC=00000200, [00c83833], x16=00000000, x16=0000000f, x12=0000000e sltu     a6, a6, a2
PC=00000204, [00b687b3], x15=00000000, x13=00000000, x11=00000000 add      a5, a3, a1
PC=00000208, [00f806b3], x13=00000000, x16=00000000, x15=00000000 add      a3, a6, a5
PC=0000020c, [00068793], x15=00000000, x13=00000000, x00=00000000 addi     a5, a3, 0
PC=00000210, [fee42423], x08=00500000, x08=00500000, x14=0000000f sw       a4, -24(s0)
PC=00000214, [fef42623], x12=0000000e, x08=00500000, x15=00000000 sw       a5, -20(s0)
PC=00000218, [fe445783], x15=00000004, x08=00500000, x04=00000000 lhu      a5, s0, -28
PC=0000021c, [00178793], x15=00000005, x15=00000004, x01=00000108 addi     a5, a5, 1
PC=00000220, [fef41223], x04=00000000, x08=00500000, x15=00000005 sh       a5, -28(s0)
PC=00000224, [fe445703], x14=00000005, x08=00500000, x04=00000000 lhu      a4, s0, -28
PC=00000228, [00400793], x15=00000004, x00=00000000, x04=00000000 addi     a5, zero, 4
PC=0000022c, [fae7fee3], x29=00000000, x15=00000004, x14=00000005 bgeu     a5, a4, -68
PC=00000230, [fe041223], x04=00000000, x08=00500000, x00=00000000 sh       zero, -28(s0)
PC=00000234, [fe041123], x02=004fffc0, x08=00500000, x00=00000000 sh       zero, -30(s0)
PC=00000238, [0500006f], x00=00000000, x00=00000000, x16=00000000 jal      zero, 80
PC=00000288, [fe241703], x14=00000000, x08=00500000, x02=004fffc0 lh       a4, s0, -30
PC=0000028c, [00400793], x15=00000004, x00=00000000, x04=00000000 addi     a5, zero, 4
PC=00000290, [fae7d6e3], x13=00000000, x15=00000004, x14=00000000 bge      a5, a4, -84
PC=0000023c, [fe842603], x12=0000000f, x08=00500000, x08=00500000 lw       a2, s0, -24
PC=00000240, [fec42683], x13=00000000, x08=00500000, x12=0000000f lw       a3, s0, -20
PC=00000244, [00100513], x10=00000001, x00=00000000, x01=00000108 addi     a0, zero, 1
PC=00000248, [00000593], x11=00000000, x00=00000000, x00=00000000 addi     a1, zero, 0
PC=0000024c, [00a60733], x14=00000010, x12=0000000f, x10=00000001 add      a4, a2, a0
PC=00000250, [00070813], x16=00000010, x14=00000010, x00=00000000 addi     a6, a4, 0
PC=00000254, [00c83833], x16=00000000, x16=00000010, x12=0000000f sltu     a6, a6, a2
PC=00000258, [00b687b3], x15=00000000, x13=00000000, x11=00000000 add      a5, a3, a1
PC=0000025c, [00f806b3], x13=00000000, x16=00000000, x15=00000000 add      a3, a6, a5
PC=00000260, [00068793], x15=00000000, x13=00000000, x00=00000000 addi     a5, a3, 0
PC=00000264, [fee42423], x08=00500000, x08=00500000, x14=00000010 sw       a4, -24(s0)
PC=00000268, [fef42623], x12=0000000f, x08=00500000, x15=00000000 sw       a5, -20(s0)
PC=0000026c, [fe241783], x15=00000000, x08=00500000, x02=004fffc0 lh       a5, s0, -30
PC=00000270, [01079793], x15=00000000, x15=00000000, x16=00000000 slli     a5, a5, 16
PC=00000274, [0107d793], x15=00000000, x15=00000000, x16=00000000 srli     a5, a5, 16
PC=00000278, [00178793], x15=00000001, x15=00000000, x01=00000108 addi     a5, a5, 1
PC=0000027c, [01079793], x15=00010000, x15=00000001, x16=00000000 slli     a5, a5, 16
PC=00000280, [0107d793], x15=00000001, x15=00010000, x16=00000000 srli     a5, a5, 16
PC=00000284, [fef41123], x02=004fffc0, x08=00500000, x15=00000001 sh       a5, -30(s0)
PC=00000288, [fe241703], x14=00000001, x08=00500000, x02=004fffc0 lh       a4, s0, -30
PC=0000028c, [00400793], x15=00000004, x00=00000000, x04=00000000 addi     a5, zero, 4
PC=00000290, [fae7d6e3], x13=00000000, x15=00000004, x14=00000001 bge      a5, a4, -84
PC=0000023c, [fe842603], x12=00000010, x08=00500000, x08=00500000 lw       a2, s0, -24
PC=00000240, [fec42683], x13=00000000, x08=00500000, x12=00000010 lw       a3, s0, -20
PC=00000244, [00100513], x10=00000001, x00=00000000, x01=00000108 addi     a0, zero, 1
PC=00000248, [00000593], x11=00000000, x00=00000000, x00=00000000 addi     a1, zero, 0
PC=0000024c, [00a60733], x14=00000011, x12=00000010, x10=00000001 add      a4, a2, a0
PC=00000250, [00070813], x16=00000011, x14=00000011, x00=00000000 addi     a6, a4, 0
PC=00000254, [00c83833], x16=00000000, x16=00000011, x12=00000010 sltu     a6, a6, a2
PC=00000258, [00b687b3], x15=00000000, x13=00000000, x11=00000000 add      a5, a3, a1
PC=0000025c, [00f806b3], x13=00000000, x16=00000000, x15=00000000 add      a3, a6, a5
PC=00000260, [00068793], x15=00000000, x13=00000000, x00=00000000 addi     a5, a3, 0
PC=00000264, [fee42423], x08=00500000, x08=00500000, x14=00000011 sw       a4, -24(s0)
PC=00000268, [fef42623], x12=00000010, x08=00500000, x15=00000000 sw       a5, -20(s0)
PC=0000026c, [fe241783], x15=00000001, x08=00500000, x02=004fffc0 lh       a5, s0, -30
PC=00000270, [01079793], x15=00010000, x15=00000001, x16=00000000 slli     a5, a5, 16
PC=00000274, [0107d793], x15=00000001, x15=00010000, x16=00000000 srli     a5, a5, 16
PC=00000278, [00178793], x15=00000002, x15=00000001, x01=00000108 addi     a5, a5, 1
PC=0000027c, [01079793], x15=00020000, x15=00000002, x16=00000000 slli     a5, a5, 16
PC=00000280, [0107d793], x15=00000002, x15=00020000, x16=00000000 srli     a5, a5, 16
PC=00000284, [fef41123], x02=004fffc0, x08=00500000, x15=00000002 sh       a5, -30(s0)
PC=00000288, [fe241703], x14=00000002, x08=00500000, x02=004fffc0 lh       a4, s0, -30
PC=0000028c, [00400793], x15=00000004, x00=00000000, x04=00000000 addi     a5, zero, 4
PC=00000290, [fae7d6e3], x13=00000000, x15=00000004, x14=00000002 bge      a5, a4, -84
PC=0000023c, [fe842603], x12=00000011, x08=00500000, x08=00500000 lw       a2, s0, -24
PC=00000240, [fec42683], x13=00000000, x08=00500000, x12=00000011 lw       a3, s0, -20
PC=00000244, [00100513], x10=00000001, x00=00000000, x01=00000108 addi     a0, zero, 1
PC=00000248, [00000593], x11=00000000, x00=00000000, x00=00000000 addi     a1, zero, 0
PC=0000024c, [00a60733], x14=00000012, x12=00000011, x10=00000001 add      a4, a2, a0
PC=00000250, [00070813], x16=00000012, x14=00000012, x00=00000000 addi     a6, a4, 0
PC=00000254, [00c83833], x16=00000000, x16=00000012, x12=00000011 sltu     a6, a6, a2
PC=00000258, [00b687b3], x15=00000000, x13=00000000, x11=00000000 add      a5, a3, a1
PC=0000025c, [00f806b3], x13=00000000, x16=00000000, x15=00000000 add      a3, a6, a5
PC=00000260, [00068793], x15=00000000, x13=00000000, x00=00000000 addi     a5, a3, 0
PC=00000264, [fee42423], x08=00500000, x08=00500000, x14=00000012 sw       a4, -24(s0)
PC=00000268, [fef42623], x12=00000011, x08=00500000, x15=00000000 sw       a5, -20(s0)
PC=0000026c, [fe241783], x15=00000002, x08=00500000, x02=004fffc0 lh       a5, s0, -30
PC=00000270, [01079793], x15=00020000, x15=00000002, x16=00000000 slli     a5, a5, 16
PC=00000274, [0107d793], x15=00000002, x15=00020000, x16=00000000 srli     a5, a5, 16
PC=00000278, [00178793], x15=00000003, x15=00000002, x01=00000108 addi     a5, a5, 1
PC=0000027c, [01079793], x15=00030000, x15=00000003, x16=00000000 slli     a5, a5, 16
PC=00000280, [0107d793], x15=00000003, x15=00030000, x16=00000000 srli     a5, a5, 16
PC=00000284, [fef41123], x02=004fffc0, x08=00500000, x15=00000003 sh       a5, -30(s0)
PC=00000288, [fe241703], x14=00000003, x08=00500000, x02=004fffc0 lh       a4, s0, -30
PC=0000028c, [00400793], x15=00000004, x00=00000000, x04=00000000 addi     a5, zero, 4
PC=00000290, [fae7d6e3], x13=00000000, x15=00000004, x14=00000003 bge      a5, a4, -84
PC=0000023c, [fe842603], x12=00000012, x08=00500000, x08=00500000 lw       a2, s0, -24
PC=00000240, [fec42683], x13=00000000, x08=00500000, x12=00000012 lw       a3, s0, -20
PC=00000244, [00100513], x10=00000001, x00=00000000, x01=00000108 addi     a0, zero, 1
PC=00000248, [00000593], x11=00000000, x00=00000000, x00=00000000 addi     a1, zero, 0
PC=0000024c, [00a60733], x14=00000013, x12=00000012, x10=00000001 add      a4, a2, a0
PC=00000250, [00070813], x16=00000013, x14=00000013, x00=00000000 addi     a6, a4, 0
PC=00000254, [00c83833], x16=00000000, x16=00000013, x12=00000012 sltu     a6, a6, a2
PC=00000258, [00b687b3], x15=00000000, x13=00000000, x11=00000000 add      a5, a3, a1
PC=0000025c, [00f806b3], x13=00000000, x16=00000000, x15=00000000 add      a3, a6, a5
PC=00000260, [00068793], x15=00000000, x13=00000000, x00=00000000 addi     a5, a3, 0
PC=00000264, [fee42423], x08=00500000, x08=00500000, x14=00000013 sw       a4, -24(s0)
PC=00000268, [fef42623], x12=00000012, x08=00500000, x15=00000000 sw       a5, -20(s0)
PC=0000026c, [fe241783], x15=00000003, x08=00500000, x02=004fffc0 lh       a5, s0, -30
PC=00000270, [01079793], x15=00030000, x15=00000003, x16=00000000 slli     a5, a5, 16
PC=00000274, [0107d793], x15=00000003, x15=00030000, x16=00000000 srli     a5, a5, 16
PC=00000278, [00178793], x15=00000004, x15=00000003, x01=00000108 addi     a5, a5, 1
PC=0000027c, [01079793], x15=00040000, x15=00000004, x16=00000000 slli     a5, a5, 16
PC=00000280, [0107d793], x15=00000004, x15=00040000, x16=00000000 srli     a5, a5, 16
PC=00000284, [fef41123], x02=004fffc0, x08=00500000, x15=00000004 sh       a5, -30(s0)
PC=00000288, [fe241703], x14=00000004, x08=00500000, x02=004fffc0 lh       a4, s0, -30
PC=0000028c, [00400793], x15=00000004, x00=00000000, x04=00000000 addi     a5, zero, 4
PC=00000290, [fae7d6e3], x13=00000000, x15=00000004, x14=00000004 bge      a5, a4, -84
PC=0000023c, [fe842603], x12=00000013, x08=00500000, x08=00500000 lw       a2, s0, -24
PC=00000240, [fec42683], x13=00000000, x08=00500000, x12=00000013 lw       a3, s0, -20
PC=00000244, [00100513], x10=00000001, x00=00000000, x01=00000108 addi     a0, zero, 1
PC=00000248, [00000593], x11=00000000, x00=00000000, x00=00000000 addi     a1, zero, 0
PC=0000024c, [00a60733], x14=00000014, x12=00000013, x10=00000001 add      a4, a2, a0
PC=00000250, [00070813], x16=00000014, x14=00000014, x00=00000000 addi     a6, a4, 0
PC=00000254, [00c83833], x16=00000000, x16=00000014, x12=00000013 sltu     a6, a6, a2
PC=00000258, [00b687b3], x15=00000000, x13=00000000, x11=00000000 add      a5, a3, a1
PC=0000025c, [00f806b3], x13=00000000, x16=00000000, x15=00000000 add      a3, a6, a5
PC=00000260, [00068793], x15=00000000, x13=00000000, x00=00000000 addi     a5, a3, 0
PC=00000264, [fee42423], x08=00500000, x08=00500000, x14=00000014 sw       a4, -24(s0)
PC=00000268, [fef42623], x12=00000013, x08=00500000, x15=00000000 sw       a5, -20(s0)
PC=0000026c, [fe241783], x15=00000004, x08=00500000, x02=004fffc0 lh       a5, s0, -30
PC=00000270, [01079793], x15=00040000, x15=00000004, x16=00000000 slli     a5, a5, 16
PC=00000274, [0107d793], x15=00000004, x15=00040000, x16=00000000 srli     a5, a5, 16
PC=00000278, [00178793], x15=00000005, x15=00000004, x01=00000108 addi     a5, a5, 1
PC=0000027c, [01079793], x15=00050000, x15=00000005, x16=00000000 slli     a5, a5, 16
PC=00000280, [0107d793], x15=00000005, x15=00050000, x16=00000000 srli     a5, a5, 16
PC=00000284, [fef41123], x02=004fffc0, x08=00500000, x15=00000005 sh       a5, -30(s0)
PC=00000288, [fe241703], x14=00000005, x08=00500000, x02=004fffc0 lh       a4, s0, -30
PC=0000028c, [00400793], x15=00000004, x00=00000000, x04=00000000 addi     a5, zero, 4
PC=00000290, [fae7d6e3], x13=00000000, x15=00000004, x14=00000005 bge      a5, a4, -84
PC=00000294, [fe041123], x02=004fffc0, x08=00500000, x00=00000000 sh       zero, -30(s0)
PC=00000298, [fc042e23], x28=00000000, x08=00500000, x00=00000000 sw       zero, -36(s0)
PC=0000029c, [0400006f], x00=00000000, x00=00000000, x00=00000000 jal      zero, 64
PC=000002dc, [fdc42703], x14=00000000, x08=00500000, x28=00000000 lw       a4, s0, -36
PC=000002e0, [00400793], x15=00000004, x00=00000000, x04=00000000 addi     a5, zero, 4
PC=000002e4, [fae7fee3], x29=00000000, x15=00000004, x14=00000000 bgeu     a5, a4, -68
PC=000002a0, [fe842603], x12=00000014, x08=00500000, x08=00500000 lw       a2, s0, -24
PC=000002a4, [fec42683], x13=00000000, x08=00500000, x12=00000014 lw       a3, s0, -20
PC=000002a8, [00100513], x10=00000001, x00=00000000, x01=00000108 addi     a0, zero, 1
PC=000002ac, [00000593], x11=00000000, x00=00000000, x00=00000000 addi     a1, zero, 0
PC=000002b0, [00a60733], x14=00000015, x12=00000014, x10=00000001 add      a4, a2, a0
PC=000002b4, [00070813], x16=00000015, x14=00000015, x00=00000000 addi     a6, a4, 0
PC=000002b8, [00c83833], x16=00000000, x16=00000015, x12=00000014 sltu     a6, a6, a2
PC=000002bc, [00b687b3], x15=00000000, x13=00000000, x11=00000000 add      a5, a3, a1
PC=000002c0, [00f806b3], x13=00000000, x16=00000000, x15=00000000 add      a3, a6, a5
PC=000002c4, [00068793], x15=00000000, x13=00000000, x00=00000000 addi     a5, a3, 0
PC=000002c8, [fee42423], x08=00500000, x08=00500000, x14=00000015 sw       a4, -24(s0)
PC=000002cc, [fef42623], x12=00000014, x08=00500000, x15=00000000 sw       a5, -20(s0)
PC=000002d0, [fdc42783], x15=00000000, x08=00500000, x28=00000000 lw       a5, s0, -36
PC=000002d4, [00178793], x15=00000001, x15=00000000, x01=00000108 addi     a5, a5, 1
PC=000002d8, [fcf42e23], x28=00000000, x08=00500000, x15=00000001 sw       a5, -36(s0)
PC=000002dc, [fdc42703], x14=00000001, x08=00500000, x28=00000000 lw       a4, s0, -36
PC=000002e0, [00400793], x15=00000004, x00=00000000, x04=00000000 addi     a5, zero, 4
PC=000002e4, [fae7fee3], x29=00000000, x15=00000004, x14=00000001 bgeu     a5, a4, -68
PC=000002a0, [fe842603], x12=00000015, x08=00500000, x08=00500000 lw       a2, s0, -24
PC=000002a4, [fec42683], x13=00000000, x08=00500000, x12=00000015 lw       a3, s0, -20
PC=000002a8, [00100513], x10=00000001, x00=00000000, x01=00000108 addi     a0, zero, 1
PC=000002ac, [00000593], x11=00000000, x00=00000000, x00=00000000 addi     a1, zero, 0
PC=000002b0, [00a60733], x14=00000016, x12=00000015, x10=00000001 add      a4, a2, a0
PC=000002b4, [00070813], x16=00000016, x14=00000016, x00=00000000 addi     a6, a4, 0
PC=000002b8, [00c83833], x16=00000000, x16=00000016, x12=00000015 sltu     a6, a6, a2
PC=000002bc, [00b687b3], x15=00000000, x13=00000000, x11=00000000 add      a5, a3, a1
PC=000002c0, [00f806b3], x13=00000000, x16=00000000, x15=00000000 add      a3, a6, a5
PC=000002c4, [00068793], x15=00000000, x13=00000000, x00=00000000 addi     a5, a3, 0
PC=000002c8, [fee42423], x08=00500000, x08=00500000, x14=00000016 sw       a4, -24(s0)
PC=000002cc, [fef42623], x12=00000015, x08=00500000, x15=00000000 sw       a5, -20(s0)
PC=000002d0, [fdc42783], x15=00000001, x08=00500000, x28=00000000 lw       a5, s0, -36
PC=000002d4, [00178793], x15=00000002, x15=00000001, x01=00000108 addi     a5, a5, 1
PC=000002d8, [fcf42e23], x28=00000000, x08=00500000, x15=00000002 sw       a5, -36(s0)
PC=000002dc, [fdc42703], x14=00000002, x08=00500000, x28=00000000 lw       a4, s0, -36
PC=000002e0, [00400793], x15=00000004, x00=00000000, x04=00000000 addi     a5, zero, 4
PC=000002e4, [fae7fee3], x29=00000000, x15=00000004, x14=00000002 bgeu     a5, a4, -68
PC=000002a0, [fe842603], x12=00000016, x08=00500000, x08=00500000 lw       a2, s0, -24
PC=000002a4, [fec42683], x13=00000000, x08=00500000, x12=00000016 lw       a3, s0, -20
PC=000002a8, [00100513], x10=00000001, x00=00000000, x01=00000108 addi     a0, zero, 1
PC=000002ac, [00000593], x11=00000000, x00=00000000, x00=00000000 addi     a1, zero, 0
PC=000002b0, [00a60733], x14=00000017, x12=00000016, x10=00000001 add      a4, a2, a0
PC=000002b4, [00070813], x16=00000017, x14=00000017, x00=00000000 addi     a6, a4, 0
PC=000002b8, [00c83833], x16=00000000, x16=00000017, x12=00000016 sltu     a6, a6, a2
PC=000002bc, [00b687b3], x15=00000000, x13=00000000, x11=00000000 add      a5, a3, a1
PC=000002c0, [00f806b3], x13=00000000, x16=00000000, x15=00000000 add      a3, a6, a5
PC=000002c4, [00068793], x15=00000000, x13=00000000, x00=00000000 addi     a5, a3, 0
PC=000002c8, [fee42423], x08=00500000, x08=00500000, x14=00000017 sw       a4, -24(s0)
PC=000002cc, [fef42623], x12=00000016, x08=00500000, x15=00000000 sw       a5, -20(s0)
PC=000002d0, [fdc42783], x15=00000002, x08=00500000, x28=00000000 lw       a5, s0, -36
PC=000002d4, [00178793], x15=00000003, x15=00000002, x01=00000108 addi     a5, a5, 1
PC=000002d8, [fcf42e23], x28=00000000, x08=00500000, x15=00000003 sw       a5, -36(s0)
PC=000002dc, [fdc42703], x14=00000003, x08=00500000, x28=00000000 lw       a4, s0, -36
PC=000002e0, [00400793], x15=00000004, x00=00000000, x04=00000000 addi     a5, zero, 4
PC=000002e4, [fae7fee3], x29=00000000, x15=00000004, x14=00000003 bgeu     a5, a4, -68
PC=000002a0, [fe842603], x12=00000017, x08=00500000, x08=00500000 lw       a2, s0, -24
PC=000002a4, [fec42683], x13=00000000, x08=00500000, x12=00000017 lw       a3, s0, -20
PC=000002a8, [00100513], x10=00000001, x00=00000000, x01=00000108 addi     a0, zero, 1
PC=000002ac, [00000593], x11=00000000, x00=00000000, x00=00000000 addi     a1, zero, 0
PC=000002b0, [00a60733], x14=00000018, x12=00000017, x10=00000001 add      a4, a2, a0
PC=000002b4, [00070813], x16=00000018, x14=00000018, x00=00000000 addi     a6, a4, 0
PC=000002b8, [00c83833], x16=00000000, x16=00000018, x12=00000017 sltu     a6, a6, a2
PC=000002bc, [00b687b3], x15=00000000, x13=00000000, x11=00000000 add      a5, a3, a1
PC=000002c0, [00f806b3], x13=00000000, x16=00000000, x15=00000000 add      a3, a6, a5
PC=000002c4, [00068793], x15=00000000, x13=00000000, x00=00000000 addi     a5, a3, 0
PC=000002c8, [fee42423], x08=00500000, x08=00500000, x14=00000018 sw       a4, -24(s0)
PC=000002cc, [fef42623], x12=00000017, x08=00500000, x15=00000000 sw       a5, -20(s0)
PC=000002d0, [fdc42783], x15=00000003, x08=00500000, x28=00000000 lw       a5, s0, -36
PC=000002d4, [00178793], x15=00000004, x15=00000003, x01=00000108 addi     a5, a5, 1
PC=000002d8, [fcf42e23], x28=00000000, x08=00500000, x15=00000004 sw       a5, -36(s0)
PC=000002dc, [fdc42703], x14=00000004, x08=00500000, x28=00000000 lw       a4, s0, -36
PC=000002e0, [00400793], x15=00000004, x00=00000000, x04=00000000 addi     a5, zero, 4
PC=000002e4, [fae7fee3], x29=00000000, x15=00000004, x14=00000004 bgeu     a5, a4, -68
PC=000002a0, [fe842603], x12=00000018, x08=00500000, x08=00500000 lw       a2, s0, -24
PC=000002a4, [fec42683], x13=00000000, x08=00500000, x12=00000018 lw       a3, s0, -20
PC=000002a8, [00100513], x10=00000001, x00=00000000, x01=00000108 addi     a0, zero, 1
PC=000002ac, [00000593], x11=00000000, x00=00000000, x00=00000000 addi     a1, zero, 0
PC=000002b0, [00a60733], x14=00000019, x12=00000018, x10=00000001 add      a4, a2, a0
PC=000002b4, [00070813], x16=00000019, x14=00000019, x00=00000000 addi     a6, a4, 0
PC=000002b8, [00c83833], x16=00000000, x16=00000019, x12=00000018 sltu     a6, a6, a2
PC=000002bc, [00b687b3], x15=00000000, x13=00000000, x11=00000000 add      a5, a3, a1
PC=000002c0, [00f806b3], x13=00000000, x16=00000000, x15=00000000 add      a3, a6, a5
PC=000002c4, [00068793], x15=00000000, x13=00000000, x00=00000000 addi     a5, a3, 0
PC=000002c8, [fee42423], x08=00500000, x08=00500000, x14=00000019 sw       a4, -24(s0)
PC=000002cc, [fef42623], x12=00000018, x08=00500000, x15=00000000 sw       a5, -20(s0)
PC=000002d0, [fdc42783], x15=00000004, x08=00500000, x28=00000000 lw       a5, s0, -36
PC=000002d4, [00178793], x15=00000005, x15=00000004, x01=00000108 addi     a5, a5, 1
PC=000002d8, [fcf42e23], x28=00000000, x08=00500000, x15=00000005 sw       a5, -36(s0)
PC=000002dc, [fdc42703], x14=00000005, x08=00500000, x28=00000000 lw       a4, s0, -36
PC=000002e0, [00400793], x15=00000004, x00=00000000, x04=00000000 addi     a5, zero, 4
PC=000002e4, [fae7fee3], x29=00000000, x15=00000004, x14=00000005 bgeu     a5, a4, -68
PC=000002e8, [fc042e23], x28=00000000, x08=00500000, x00=00000000 sw       zero, -36(s0)
PC=000002ec, [fc042c23], x24=00000000, x08=00500000, x00=00000000 sw       zero, -40(s0)
PC=000002f0, [0400006f], x00=00000000, x00=00000000, x00=00000000 jal      zero, 64
PC=00000330, [fd842703], x14=00000000, x08=00500000, x24=00000000 lw       a4, s0, -40
PC=00000334, [00400793], x15=00000004, x00=00000000, x04=00000000 addi     a5, zero, 4
PC=00000338, [fae7dee3], x29=00000000, x15=00000004, x14=00000000 bge      a5, a4, -68
PC=000002f4, [fe842603], x12=00000019, x08=00500000, x08=00500000 lw       a2, s0, -24
PC=000002f8, [fec42683], x13=00000000, x08=00500000, x12=00000019 lw       a3, s0, -20
PC=000002fc, [00100513], x10=00000001, x00=00000000, x01=00000108 addi     a0, zero, 1
PC=00000300, [00000593], x11=00000000, x00=00000000, x00=00000000 addi     a1, zero, 0
PC=00000304, [00a60733], x14=0000001a, x12=00000019, x10=00000001 add      a4, a2, a0
PC=00000308, [00070813], x16=0000001a, x14=0000001a, x00=00000000 addi     a6, a4, 0
PC=0000030c, [00c83833], x16=00000000, x16=0000001a, x12=00000019 sltu     a6, a6, a2
PC=00000310, [00b687b3], x15=00000000, x13=00000000, x11=00000000 add      a5, a3, a1
PC=00000314, [00f806b3], x13=00000000, x16=00000000, x15=00000000 add      a3, a6, a5
PC=00000318, [00068793], x15=00000000, x13=00000000, x00=00000000 addi     a5, a3, 0
PC=0000031c, [fee42423], x08=00500000, x08=00500000, x14=0000001a sw       a4, -24(s0)
PC=00000320, [fef42623], x12=00000019, x08=00500000, x15=00000000 sw       a5, -20(s0)
PC=00000324, [fd842783], x15=00000000, x08=00500000, x24=00000000 lw       a5, s0, -40
PC=00000328, [00178793], x15=00000001, x15=00000000, x01=00000108 addi     a5, a5, 1
PC=0000032c, [fcf42c23], x24=00000000, x08=00500000, x15=00000001 sw       a5, -40(s0)
PC=00000330, [fd842703], x14=00000001, x08=00500000, x24=00000000 lw       a4, s0, -40
PC=00000334, [00400793], x15=00000004, x00=00000000, x04=00000000 addi     a5, zero, 4
PC=00000338, [fae7dee3], x29=00000000, x15=00000004, x14=00000001 bge      a5, a4, -68
PC=000002f4, [fe842603], x12=0000001a, x08=00500000, x08=00500000 lw       a2, s0, -24
PC=000002f8, [fec42683], x13=00000000, x08=00500000, x12=0000001a lw       a3, s0, -20
PC=000002fc, [00100513], x10=00000001, x00=00000000, x01=00000108 addi     a0, zero, 1
PC=00000300, [00000593], x11=00000000, x00=00000000, x00=00000000 addi     a1, zero, 0
PC=00000304, [00a60733], x14=0000001b, x12=0000001a, x10=00000001 add      a4, a2, a0
PC=00000308, [00070813], x16=0000001b, x14=0000001b, x00=00000000 addi     a6, a4, 0
PC=0000030c, [00c83833], x16=00000000, x16=0000001b, x12=0000001a sltu     a6, a6, a2
PC=00000310, [00b687b3], x15=00000000, x13=00000000, x11=00000000 add      a5, a3, a1
PC=00000314, [00f806b3], x13=00000000, x16=00000000, x15=00000000 add      a3, a6, a5
PC=00000318, [00068793], x15=00000000, x13=00000000, x00=00000000 addi     a5, a3, 0
PC=0000031c, [fee42423], x08=00500000, x08=00500000, x14=0000001b sw       a4, -24(s0)
PC=00000320, [fef42623], x12=0000001a, x08=00500000, x15=00000000 sw       a5, -20(s0)
PC=00000324, [fd842783], x15=00000001, x08=00500000, x24=00000000 lw       a5, s0, -40
PC=00000328, [00178793], x15=00000002, x15=00000001, x01=00000108 addi     a5, a5, 1
PC=0000032c, [fcf42c23], x24=00000000, x08=00500000, x15=00000002 sw       a5, -40(s0)
PC=00000330, [fd842703], x14=00000002, x08=00500000, x24=00000000 lw       a4, s0, -40
PC=00000334, [00400793], x15=00000004, x00=00000000, x04=00000000 addi     a5, zero, 4
PC=00000338, [fae7dee3], x29=00000000, x15=00000004, x14=00000002 bge      a5, a4, -68
PC=000002f4, [fe842603], x12=0000001b, x08=00500000, x08=00500000 lw       a2, s0, -24
PC=000002f8, [fec42683], x13=00000000, x08=00500000, x12=0000001b lw       a3, s0, -20
PC=000002fc, [00100513], x10=00000001, x00=00000000, x01=00000108 addi     a0, zero, 1
PC=00000300, [00000593], x11=00000000, x00=00000000, x00=00000000 addi     a1, zero, 0
PC=00000304, [00a60733], x14=0000001c, x12=0000001b, x10=00000001 add      a4, a2, a0
PC=00000308, [00070813], x16=0000001c, x14=0000001c, x00=00000000 addi     a6, a4, 0
PC=0000030c, [00c83833], x16=00000000, x16=0000001c, x12=0000001b sltu     a6, a6, a2
PC=00000310, [00b687b3], x15=00000000, x13=00000000, x11=00000000 add      a5, a3, a1
PC=00000314, [00f806b3], x13=00000000, x16=00000000, x15=00000000 add      a3, a6, a5
PC=00000318, [00068793], x15=00000000, x13=00000000, x00=00000000 addi     a5, a3, 0
PC=0000031c, [fee42423], x08=00500000, x08=00500000, x14=0000001c sw       a4, -24(s0)
PC=00000320, [fef42623], x12=0000001b, x08=00500000, x15=00000000 sw       a5, -20(s0)
PC=00000324, [fd842783], x15=00000002, x08=00500000, x24=00000000 lw       a5, s0, -40
PC=00000328, [00178793], x15=00000003, x15=00000002, x01=00000108 addi     a5, a5, 1
PC=0000032c, [fcf42c23], x24=00000000, x08=00500000, x15=00000003 sw       a5, -40(s0)
PC=00000330, [fd842703], x14=00000003, x08=00500000, x24=00000000 lw       a4, s0, -40
PC=00000334, [00400793], x15=00000004, x00=00000000, x04=00000000 addi     a5, zero, 4
PC=00000338, [fae7dee3], x29=00000000, x15=00000004, x14=00000003 bge      a5, a4, -68
PC=000002f4, [fe842603], x12=0000001c, x08=00500000, x08=00500000 lw       a2, s0, -24
PC=000002f8, [fec42683], x13=00000000, x08=00500000, x12=0000001c lw       a3, s0, -20
PC=000002fc, [00100513], x10=00000001, x00=00000000, x01=00000108 addi     a0, zero, 1
PC=00000300, [00000593], x11=00000000, x00=00000000, x00=00000000 addi     a1, zero, 0
PC=00000304, [00a60733], x14=0000001d, x12=0000001c, x10=00000001 add      a4, a2, a0
PC=00000308, [00070813], x16=0000001d, x14=0000001d, x00=00000000 addi     a6, a4, 0
PC=0000030c, [00c83833], x16=00000000, x16=0000001d, x12=0000001c sltu     a6, a6, a2
PC=00000310, [00b687b3], x15=00000000, x13=00000000, x11=00000000 add      a5, a3, a1
PC=00000314, [00f806b3], x13=00000000, x16=00000000, x15=00000000 add      a3, a6, a5
PC=00000318, [00068793], x15=00000000, x13=00000000, x00=00000000 addi     a5, a3, 0
PC=0000031c, [fee42423], x08=00500000, x08=00500000, x14=0000001d sw       a4, -24(s0)
PC=00000320, [fef42623], x12=0000001c, x08=00500000, x15=00000000 sw       a5, -20(s0)
PC=00000324, [fd842783], x15=00000003, x08=00500000, x24=00000000 lw       a5, s0, -40
PC=00000328, [00178793], x15=00000004, x15=00000003, x01=00000108 addi     a5, a5, 1
PC=0000032c, [fcf42c23], x24=00000000, x08=00500000, x15=00000004 sw       a5, -40(s0)
PC=00000330, [fd842703], x14=00000004, x08=00500000, x24=00000000 lw       a4, s0, -40
PC=00000334, [00400793], x15=00000004, x00=00000000, x04=00000000 addi     a5, zero, 4
PC=00000338, [fae7dee3], x29=00000000, x15=00000004, x14=00000004 bge      a5, a4, -68
PC=000002f4, [fe842603], x12=0000001d, x08=00500000, x08=00500000 lw       a2, s0, -24
PC=000002f8, [fec42683], x13=00000000, x08=00500000, x12=0000001d lw       a3, s0, -20
PC=000002fc, [00100513], x10=00000001, x00=00000000, x01=00000108 addi     a0, zero, 1
PC=00000300, [00000593], x11=00000000, x00=00000000, x00=00000000 addi     a1, zero, 0
PC=00000304, [00a60733], x14=0000001e, x12=0000001d, x10=00000001 add      a4, a2, a0
PC=00000308, [00070813], x16=0000001e, x14=0000001e, x00=00000000 addi     a6, a4, 0
PC=0000030c, [00c83833], x16=00000000, x16=0000001e, x12=0000001d sltu     a6, a6, a2
PC=00000310, [00b687b3], x15=00000000, x13=00000000, x11=00000000 add      a5, a3, a1
PC=00000314, [00f806b3], x13=00000000, x16=00000000, x15=00000000 add      a3, a6, a5
PC=00000318, [00068793], x15=00000000, x13=00000000, x00=00000000 addi     a5, a3, 0
PC=0000031c, [fee42423], x08=00500000, x08=00500000, x14=0000001e sw       a4, -24(s0)
PC=00000320, [fef42623], x12=0000001d, x08=00500000, x15=00000000 sw       a5, -20(s0)
PC=00000324, [fd842783], x15=00000004, x08=00500000, x24=00000000 lw       a5, s0, -40
PC=00000328, [00178793], x15=00000005, x15=00000004, x01=00000108 addi     a5, a5, 1
PC=0000032c, [fcf42c23], x24=00000000, x08=00500000, x15=00000005 sw       a5, -40(s0)
PC=00000330, [fd842703], x14=00000005, x08=00500000, x24=00000000 lw       a4, s0, -40
PC=00000334, [00400793], x15=00000004, x00=00000000, x04=00000000 addi     a5, zero, 4
PC=00000338, [fae7dee3], x29=00000000, x15=00000004, x14=00000005 bge      a5, a4, -68
PC=0000033c, [fc042c23], x24=00000000, x08=00500000, x00=00000000 sw       zero, -40(s0)
PC=00000340, [00000793], x15=00000000, x00=00000000, x00=00000000 addi     a5, zero, 0
PC=00000344, [00000813], x16=00000000, x00=00000000, x00=00000000 addi     a6, zero, 0
PC=00000348, [fcf42823], x16=00000000, x08=00500000, x15=00000000 sw       a5, -48(s0)
PC=0000034c, [fd042a23], x20=00000000, x08=00500000, x16=00000000 sw       a6, -44(s0)
PC=00000350, [0640006f], x00=00000000, x00=00000000, x04=00000000 jal      zero, 100
PC=000003b4, [fd442783], x15=00000000, x08=00500000, x20=00000000 lw       a5, s0, -44
PC=000003b8, [00079c63], x24=00000000, x15=00000000, x00=00000000 bne      a5, zero, 24
PC=000003bc, [fd442783], x15=00000000, x08=00500000, x20=00000000 lw       a5, s0, -44
PC=000003c0, [f8079ae3], x21=00000000, x15=00000000, x00=00000000 bne      a5, zero, -108
PC=000003c4, [fd042703], x14=00000000, x08=00500000, x16=00000000 lw       a4, s0, -48
PC=000003c8, [00400793], x15=00000004, x00=00000000, x04=00000000 addi     a5, zero, 4
PC=000003cc, [f8e7f4e3], x09=00000000, x15=00000004, x14=00000000 bgeu     a5, a4, -120
PC=00000354, [fe842603], x12=0000001e, x08=00500000, x08=00500000 lw       a2, s0, -24
PC=00000358, [fec42683], x13=00000000, x08=00500000, x12=0000001e lw       a3, s0, -20
PC=0000035c, [00100513], x10=00000001, x00=00000000, x01=00000108 addi     a0, zero, 1
PC=00000360, [00000593], x11=00000000, x00=00000000, x00=00000000 addi     a1, zero, 0
PC=00000364, [00a60733], x14=0000001f, x12=0000001e, x10=00000001 add      a4, a2, a0
PC=00000368, [00070813], x16=0000001f, x14=0000001f, x00=00000000 addi     a6, a4, 0
PC=0000036c, [00c83833], x16=00000000, x16=0000001f, x12=0000001e sltu     a6, a6, a2
PC=00000370, [00b687b3], x15=00000000, x13=00000000, x11=00000000 add      a5, a3, a1
PC=00000374, [00f806b3], x13=00000000, x16=00000000, x15=00000000 add      a3, a6, a5
PC=00000378, [00068793], x15=00000000, x13=00000000, x00=00000000 addi     a5, a3, 0
PC=0000037c, [fee42423], x08=00500000, x08=00500000, x14=0000001f sw       a4, -24(s0)
PC=00000380, [fef42623], x12=0000001e, x08=00500000, x15=00000000 sw       a5, -20(s0)
PC=00000384, [fd042603], x12=00000000, x08=00500000, x16=00000000 lw       a2, s0, -48
PC=00000388, [fd442683], x13=00000000, x08=00500000, x20=00000000 lw       a3, s0, -44
PC=0000038c, [00100513], x10=00000001, x00=00000000, x01=00000108 addi     a0, zero, 1
PC=00000390, [00000593], x11=00000000, x00=00000000, x00=00000000 addi     a1, zero, 0
PC=00000394, [00a60733], x14=00000001, x12=00000000, x10=00000001 add      a4, a2, a0
PC=00000398, [00070813], x16=00000001, x14=00000001, x00=00000000 addi     a6, a4, 0
PC=0000039c, [00c83833], x16=00000000, x16=00000001, x12=00000000 sltu     a6, a6, a2
PC=000003a0, [00b687b3], x15=00000000, x13=00000000, x11=00000000 add      a5, a3, a1
PC=000003a4, [00f806b3], x13=00000000, x16=00000000, x15=00000000 add      a3, a6, a5
PC=000003a8, [00068793], x15=00000000, x13=00000000, x00=00000000 addi     a5, a3, 0
PC=000003ac, [fce42823], x16=00000000, x08=00500000, x14=00000001 sw       a4, -48(s0)
PC=000003b0, [fcf42a23], x20=00000000, x08=00500000, x15=00000000 sw       a5, -44(s0)
PC=000003b4, [fd442783], x15=00000000, x08=00500000, x20=00000000 lw       a5, s0, -44
PC=000003b8, [00079c63], x24=00000000, x15=00000000, x00=00000000 bne      a5, zero, 24
PC=000003bc, [fd442783], x15=00000000, x08=00500000, x20=00000000 lw       a5, s0, -44
PC=000003c0, [f8079ae3], x21=00000000, x15=00000000, x00=00000000 bne      a5, zero, -108
PC=000003c4, [fd042703], x14=00000001, x08=00500000, x16=00000000 lw       a4, s0, -48
PC=000003c8, [00400793], x15=00000004, x00=00000000, x04=00000000 addi     a5, zero, 4
PC=000003cc, [f8e7f4e3], x09=00000000, x15=00000004, x14=00000001 bgeu     a5, a4, -120
PC=00000354, [fe842603], x12=0000001f, x08=00500000, x08=00500000 lw       a2, s0, -24
PC=00000358, [fec42683], x13=00000000, x08=00500000, x12=0000001f lw       a3, s0, -20
PC=0000035c, [00100513], x10=00000001, x00=00000000, x01=00000108 addi     a0, zero, 1
PC=00000360, [00000593], x11=00000000, x00=00000000, x00=00000000 addi     a1, zero, 0
PC=00000364, [00a60733], x14=00000020, x12=0000001f, x10=00000001 add      a4, a2, a0
PC=00000368, [00070813], x16=00000020, x14=00000020, x00=00000000 addi     a6, a4, 0
PC=0000036c, [00c83833], x16=00000000, x16=00000020, x12=0000001f sltu     a6, a6, a2
PC=00000370, [00b687b3], x15=00000000, x13=00000000, x11=00000000 add      a5, a3, a1
PC=00000374, [00f806b3], x13=00000000, x16=00000000, x15=00000000 add      a3, a6, a5
PC=00000378, [00068793], x15=00000000, x13=00000000, x00=00000000 addi     a5, a3, 0
PC=0000037c, [fee42423], x08=00500000, x08=00500000, x14=00000020 sw       a4, -24(s0)
PC=00000380, [fef42623], x12=0000001f, x08=00500000, x15=00000000 sw       a5, -20(s0)
PC=00000384, [fd042603], x12=00000001, x08=00500000, x16=00000000 lw       a2, s0, -48
PC=00000388, [fd442683], x13=00000000, x08=00500000, x20=00000000 lw       a3, s0, -44
PC=0000038c, [00100513], x10=00000001, x00=00000000, x01=00000108 addi     a0, zero, 1
PC=00000390, [00000593], x11=00000000, x00=00000000, x00=00000000 addi     a1, zero, 0
PC=00000394, [00a60733], x14=00000002, x12=00000001, x10=00000001 add      a4, a2, a0
PC=00000398, [00070813], x16=00000002, x14=00000002, x00=00000000 addi     a6, a4, 0
PC=0000039c, [00c83833], x16=00000000, x16=00000002, x12=00000001 sltu     a6, a6, a2
PC=000003a0, [00b687b3], x15=00000000, x13=00000000, x11=00000000 add      a5, a3, a1
PC=000003a4, [00f806b3], x13=00000000, x16=00000000, x15=00000000 add      a3, a6, a5
PC=000003a8, [00068793], x15=00000000, x13=00000000, x00=00000000 addi     a5, a3, 0
PC=000003ac, [fce42823], x16=00000000, x08=00500000, x14=00000002 sw       a4, -48(s0)
PC=000003b0, [fcf42a23], x20=00000000, x08=00500000, x15=00000000 sw       a5, -44(s0)
PC=000003b4, [fd442783], x15=00000000, x08=00500000, x20=00000000 lw       a5, s0, -44
PC=000003b8, [00079c63], x24=00000000, x15=00000000, x00=00000000 bne      a5, zero, 24
PC=000003bc, [fd442783], x15=00000000, x08=00500000, x20=00000000 lw       a5, s0, -44
PC=000003c0, [f8079ae3], x21=00000000, x15=00000000, x00=00000000 bne      a5, zero, -108
PC=000003c4, [fd042703], x14=00000002, x08=00500000, x16=00000000 lw       a4, s0, -48
PC=000003c8, [00400793], x15=00000004, x00=00000000, x04=00000000 addi     a5, zero, 4
PC=000003cc, [f8e7f4e3], x09=00000000, x15=00000004, x14=00000002 bgeu     a5, a4, -120
PC=00000354, [fe842603], x12=00000020, x08=00500000, x08=00500000 lw       a2, s0, -24
PC=00000358, [fec42683], x13=00000000, x08=00500000, x12=00000020 lw       a3, s0, -20
PC=0000035c, [00100513], x10=00000001, x00=00000000, x01=00000108 addi     a0, zero, 1
PC=00000360, [00000593], x11=00000000, x00=00000000, x00=00000000 addi     a1, zero, 0
PC=00000364, [00a60733], x14=00000021, x12=00000020, x10=00000001 add      a4, a2, a0
PC=00000368, [00070813], x16=00000021, x14=00000021, x00=00000000 addi     a6, a4, 0
PC=0000036c, [00c83833], x16=00000000, x16=00000021, x12=00000020 sltu     a6, a6, a2
PC=00000370, [00b687b3], x15=00000000, x13=00000000, x11=00000000 add      a5, a3, a1
PC=00000374, [00f806b3], x13=00000000, x16=00000000, x15=00000000 add      a3, a6, a5
PC=00000378, [00068793], x15=00000000, x13=00000000, x00=00000000 addi     a5, a3, 0
PC=0000037c, [fee42423], x08=00500000, x08=00500000, x14=00000021 sw       a4, -24(s0)
PC=00000380, [fef42623], x12=00000020, x08=00500000, x15=00000000 sw       a5, -20(s0)
PC=00000384, [fd042603], x12=00000002, x08=00500000, x16=00000000 lw       a2, s0, -48
PC=00000388, [fd442683], x13=00000000, x08=00500000, x20=00000000 lw       a3, s0, -44
PC=0000038c, [00100513], x10=00000001, x00=00000000, x01=00000108 addi     a0, zero, 1
PC=00000390, [00000593], x11=00000000, x00=00000000, x00=00000000 addi     a1, zero, 0
PC=00000394, [00a60733], x14=00000003, x12=00000002, x10=00000001 add      a4, a2, a0
PC=00000398, [00070813], x16=00000003, x14=00000003, x00=00000000 addi     a6, a4, 0
PC=0000039c, [00c83833], x16=00000000, x16=00000003, x12=00000002 sltu     a6, a6, a2
PC=000003a0, [00b687b3], x15=00000000, x13=00000000, x11=00000000 add      a5, a3, a1
PC=000003a4, [00f806b3], x13=00000000, x16=00000000, x15=00000000 add      a3, a6, a5
PC=000003a8, [00068793], x15=00000000, x13=00000000, x00=00000000 addi     a5, a3, 0
PC=000003ac, [fce42823], x16=00000000, x08=00500000, x14=00000003 sw       a4, -48(s0)
PC=000003b0, [fcf42a23], x20=00000000, x08=00500000, x15=00000000 sw       a5, -44(s0)
PC=000003b4, [fd442783], x15=00000000, x08=00500000, x20=00000000 lw       a5, s0, -44
PC=000003b8, [00079c63], x24=00000000, x15=00000000, x00=00000000 bne      a5, zero, 24
PC=000003bc, [fd442783], x15=00000000, x08=00500000, x20=00000000 lw       a5, s0, -44
PC=000003c0, [f8079ae3], x21=00000000, x15=00000000, x00=00000000 bne      a5, zero, -108
PC=000003c4, [fd042703], x14=00000003, x08=00500000, x16=00000000 lw       a4, s0, -48
PC=000003c8, [00400793], x15=00000004, x00=00000000, x04=00000000 addi     a5, zero, 4
PC=000003cc, [f8e7f4e3], x09=00000000, x15=00000004, x14=00000003 bgeu     a5, a4, -120
PC=00000354, [fe842603], x12=00000021, x08=00500000, x08=00500000 lw       a2, s0, -24
PC=00000358, [fec42683], x13=00000000, x08=00500000, x12=00000021 lw       a3, s0, -20
PC=0000035c, [00100513], x10=00000001, x00=00000000, x01=00000108 addi     a0, zero, 1
PC=00000360, [00000593], x11=00000000, x00=00000000, x00=00000000 addi     a1, zero, 0
PC=00000364, [00a60733], x14=00000022, x12=00000021, x10=00000001 add      a4, a2, a0
PC=00000368, [00070813], x16=00000022, x14=00000022, x00=00000000 addi     a6, a4, 0
PC=0000036c, [00c83833], x16=00000000, x16=00000022, x12=00000021 sltu     a6, a6, a2
PC=00000370, [00b687b3], x15=00000000, x13=00000000, x11=00000000 add      a5, a3, a1
PC=00000374, [00f806b3], x13=00000000, x16=00000000, x15=00000000 add      a3, a6, a5
PC=00000378, [00068793], x15=00000000, x13=00000000, x00=00000000 addi     a5, a3, 0
PC=0000037c, [fee42423], x08=00500000, x08=00500000, x14=00000022 sw       a4, -24(s0)
PC=00000380, [fef42623], x12=00000021, x08=00500000, x15=00000000 sw       a5, -20(s0)
PC=00000384, [fd042603], x12=00000003, x08=00500000, x16=00000000 lw       a2, s0, -48
PC=00000388, [fd442683], x13=00000000, x08=00500000, x20=00000000 lw       a3, s0, -44
PC=0000038c, [00100513], x10=00000001, x00=00000000, x01=00000108 addi     a0, zero, 1
PC=00000390, [00000593], x11=00000000, x00=00000000, x00=00000000 addi     a1, zero, 0
PC=00000394, [00a60733], x14=00000004, x12=00000003, x10=00000001 add      a4, a2, a0
PC=00000398, [00070813], x16=00000004, x14=00000004, x00=00000000 addi     a6, a4, 0
PC=0000039c, [00c83833], x16=00000000, x16=00000004, x12=00000003 sltu     a6, a6, a2
PC=000003a0, [00b687b3], x15=00000000, x13=00000000, x11=00000000 add      a5, a3, a1
PC=000003a4, [00f806b3], x13=00000000, x16=00000000, x15=00000000 add      a3, a6, a5
PC=000003a8, [00068793], x15=00000000, x13=00000000, x00=00000000 addi     a5, a3, 0
PC=000003ac, [fce42823], x16=00000000, x08=00500000, x14=00000004 sw       a4, -48(s0)
PC=000003b0, [fcf42a23], x20=00000000, x08=00500000, x15=00000000 sw       a5, -44(s0)
PC=000003b4, [fd442783], x15=00000000, x08=00500000, x20=00000000 lw       a5, s0, -44
PC=000003b8, [00079c63], x24=00000000, x15=00000000, x00=00000000 bne      a5, zero, 24
PC=000003bc, [fd442783], x15=00000000, x08=00500000, x20=00000000 lw       a5, s0, -44
PC=000003c0, [f8079ae3], x21=00000000, x15=00000000, x00=00000000 bne      a5, zero, -108
PC=000003c4, [fd042703], x14=00000004, x08=00500000, x16=00000000 lw       a4, s0, -48
PC=000003c8, [00400793], x15=00000004, x00=00000000, x04=00000000 addi     a5, zero, 4
PC=000003cc, [f8e7f4e3], x09=00000000, x15=00000004, x14=00000004 bgeu     a5, a4, -120
PC=00000354, [fe842603], x12=00000022, x08=00500000, x08=00500000 lw       a2, s0, -24
PC=00000358, [fec42683], x13=00000000, x08=00500000, x12=00000022 lw       a3, s0, -20
PC=0000035c, [00100513], x10=00000001, x00=00000000, x01=00000108 addi     a0, zero, 1
PC=00000360, [00000593], x11=00000000, x00=00000000, x00=00000000 addi     a1, zero, 0
PC=00000364, [00a60733], x14=00000023, x12=00000022, x10=00000001 add      a4, a2, a0
PC=00000368, [00070813], x16=00000023, x14=00000023, x00=00000000 addi     a6, a4, 0
PC=0000036c, [00c83833], x16=00000000, x16=00000023, x12=00000022 sltu     a6, a6, a2
PC=00000370, [00b687b3], x15=00000000, x13=00000000, x11=00000000 add      a5, a3, a1
PC=00000374, [00f806b3], x13=00000000, x16=00000000, x15=00000000 add      a3, a6, a5
PC=00000378, [00068793], x15=00000000, x13=00000000, x00=00000000 addi     a5, a3, 0
PC=0000037c, [fee42423], x08=00500000, x08=00500000, x14=00000023 sw       a4, -24(s0)
PC=00000380, [fef42623], x12=00000022, x08=00500000, x15=00000000 sw       a5, -20(s0)
PC=00000384, [fd042603], x12=00000004, x08=00500000, x16=00000000 lw       a2, s0, -48
PC=00000388, [fd442683], x13=00000000, x08=00500000, x20=00000000 lw       a3, s0, -44
PC=0000038c, [00100513], x10=00000001, x00=00000000, x01=00000108 addi     a0, zero, 1
PC=00000390, [00000593], x11=00000000, x00=00000000, x00=00000000 addi     a1, zero, 0
PC=00000394, [00a60733], x14=00000005, x12=00000004, x10=00000001 add      a4, a2, a0
PC=00000398, [00070813], x16=00000005, x14=00000005, x00=00000000 addi     a6, a4, 0
PC=0000039c, [00c83833], x16=00000000, x16=00000005, x12=00000004 sltu     a6, a6, a2
PC=000003a0, [00b687b3], x15=00000000, x13=00000000, x11=00000000 add      a5, a3, a1
PC=000003a4, [00f806b3], x13=00000000, x16=00000000, x15=00000000 add      a3, a6, a5
PC=000003a8, [00068793], x15=00000000, x13=00000000, x00=00000000 addi     a5, a3, 0
PC=000003ac, [fce42823], x16=00000000, x08=00500000, x14=00000005 sw       a4, -48(s0)
PC=000003b0, [fcf42a23], x20=00000000, x08=00500000, x15=00000000 sw       a5, -44(s0)
PC=000003b4, [fd442783], x15=00000000, x08=00500000, x20=00000000 lw       a5, s0, -44
PC=000003b8, [00079c63], x24=00000000, x15=00000000, x00=00000000 bne      a5, zero, 24
PC=000003bc, [fd442783], x15=00000000, x08=00500000, x20=00000000 lw       a5, s0, -44
PC=000003c0, [f8079ae3], x21=00000000, x15=00000000, x00=00000000 bne      a5, zero, -108
PC=000003c4, [fd042703], x14=00000005, x08=00500000, x16=00000000 lw       a4, s0, -48
PC=000003c8, [00400793], x15=00000004, x00=00000000, x04=00000000 addi     a5, zero, 4
PC=000003cc, [f8e7f4e3], x09=00000000, x15=00000004, x14=00000005 bgeu     a5, a4, -120
PC=000003d0, [00000793], x15=00000000, x00=00000000, x00=00000000 addi     a5, zero, 0
PC=000003d4, [00000813], x16=00000000, x00=00000000, x00=00000000 addi     a6, zero, 0
PC=000003d8, [fcf42823], x16=00000000, x08=00500000, x15=00000000 sw       a5, -48(s0)
PC=000003dc, [fd042a23], x20=00000000, x08=00500000, x16=00000000 sw       a6, -44(s0)
PC=000003e0, [fcf42423], x08=00500000, x08=00500000, x15=00000000 sw       a5, -56(s0)
PC=000003e4, [fd042623], x12=00000004, x08=00500000, x16=00000000 sw       a6, -52(s0)
PC=000003e8, [0640006f], x00=00000000, x00=00000000, x04=00000000 jal      zero, 100
PC=0000044c, [fcc42783], x15=00000000, x08=00500000, x12=00000004 lw       a5, s0, -52
PC=00000450, [00f04c63], x24=00000000, x00=00000000, x15=00000000 blt      zero, a5, 24
PC=00000454, [fcc42783], x15=00000000, x08=00500000, x12=00000004 lw       a5, s0, -52
PC=00000458, [f8079ae3], x21=00000000, x15=00000000, x00=00000000 bne      a5, zero, -108
PC=0000045c, [fc842703], x14=00000000, x08=00500000, x08=00500000 lw       a4, s0, -56
PC=00000460, [00400793], x15=00000004, x00=00000000, x04=00000000 addi     a5, zero, 4
PC=00000464, [f8e7f4e3], x09=00000000, x15=00000004, x14=00000000 bgeu     a5, a4, -120
PC=000003ec, [fe842603], x12=00000023, x08=00500000, x08=00500000 lw       a2, s0, -24
PC=000003f0, [fec42683], x13=00000000, x08=00500000, x12=00000023 lw       a3, s0, -20
PC=000003f4, [00100513], x10=00000001, x00=00000000, x01=00000108 addi     a0, zero, 1
PC=000003f8, [00000593], x11=00000000, x00=00000000, x00=00000000 addi     a1, zero, 0
PC=000003fc, [00a60733], x14=00000024, x12=00000023, x10=00000001 add      a4, a2, a0
PC=00000400, [00070813], x16=00000024, x14=00000024, x00=00000000 addi     a6, a4, 0
PC=00000404, [00c83833], x16=00000000, x16=00000024, x12=00000023 sltu     a6, a6, a2
PC=00000408, [00b687b3], x15=00000000, x13=00000000, x11=00000000 add      a5, a3, a1
PC=0000040c, [00f806b3], x13=00000000, x16=00000000, x15=00000000 add      a3, a6, a5
PC=00000410, [00068793], x15=00000000, x13=00000000, x00=00000000 addi     a5, a3, 0
PC=00000414, [fee42423], x08=00500000, x08=00500000, x14=00000024 sw       a4, -24(s0)
PC=00000418, [fef42623], x12=00000023, x08=00500000, x15=00000000 sw       a5, -20(s0)
PC=0000041c, [fc842603], x12=00000000, x08=00500000, x08=00500000 lw       a2, s0, -56
PC=00000420, [fcc42683], x13=00000000, x08=00500000, x12=00000000 lw       a3, s0, -52
PC=00000424, [00100513], x10=00000001, x00=00000000, x01=00000108 addi     a0, zero, 1
PC=00000428, [00000593], x11=00000000, x00=00000000, x00=00000000 addi     a1, zero, 0
PC=0000042c, [00a60733], x14=00000001, x12=00000000, x10=00000001 add      a4, a2, a0
PC=00000430, [00070813], x16=00000001, x14=00000001, x00=00000000 addi     a6, a4, 0
PC=00000434, [00c83833], x16=00000000, x16=00000001, x12=00000000 sltu     a6, a6, a2
PC=00000438, [00b687b3], x15=00000000, x13=00000000, x11=00000000 add      a5, a3, a1
PC=0000043c, [00f806b3], x13=00000000, x16=00000000, x15=00000000 add      a3, a6, a5
PC=00000440, [00068793], x15=00000000, x13=00000000, x00=00000000 addi     a5, a3, 0
PC=00000444, [fce42423], x08=00500000, x08=00500000, x14=00000001 sw       a4, -56(s0)
PC=00000448, [fcf42623], x12=00000000, x08=00500000, x15=00000000 sw       a5, -52(s0)
PC=0000044c, [fcc42783], x15=00000000, x08=00500000, x12=00000000 lw       a5, s0, -52
PC=00000450, [00f04c63], x24=00000000, x00=00000000, x15=00000000 blt      zero, a5, 24
PC=00000454, [fcc42783], x15=00000000, x08=00500000, x12=00000000 lw       a5, s0, -52
PC=00000458, [f8079ae3], x21=00000000, x15=00000000, x00=00000000 bne      a5, zero, -108
PC=0000045c, [fc842703], x14=00000001, x08=00500000, x08=00500000 lw       a4, s0, -56
PC=00000460, [00400793], x15=00000004, x00=00000000, x04=00000000 addi     a5, zero, 4
PC=00000464, [f8e7f4e3], x09=00000000, x15=00000004, x14=00000001 bgeu     a5, a4, -120
PC=000003ec, [fe842603], x12=00000024, x08=00500000, x08=00500000 lw       a2, s0, -24
PC=000003f0, [fec42683], x13=00000000, x08=00500000, x12=00000024 lw       a3, s0, -20
PC=000003f4, [00100513], x10=00000001, x00=00000000, x01=00000108 addi     a0, zero, 1
PC=000003f8, [00000593], x11=00000000, x00=00000000, x00=00000000 addi     a1, zero, 0
PC=000003fc, [00a60733], x14=00000025, x12=00000024, x10=00000001 add      a4, a2, a0
PC=00000400, [00070813], x16=00000025, x14=00000025, x00=00000000 addi     a6, a4, 0
PC=00000404, [00c83833], x16=00000000, x16=00000025, x12=00000024 sltu     a6, a6, a2
PC=00000408, [00b687b3], x15=00000000, x13=00000000, x11=00000000 add      a5, a3, a1
PC=0000040c, [00f806b3], x13=00000000, x16=00000000, x15=00000000 add      a3, a6, a5
PC=00000410, [00068793], x15=00000000, x13=00000000, x00=00000000 addi     a5, a3, 0
PC=00000414, [fee42423], x08=00500000, x08=00500000, x14=00000025 sw       a4, -24(s0)
PC=00000418, [fef42623], x12=00000024, x08=00500000, x15=00000000 sw       a5, -20(s0)
PC=0000041c, [fc842603], x12=00000001, x08=00500000, x08=00500000 lw       a2, s0, -56
PC=00000420, [fcc42683], x13=00000000, x08=00500000, x12=00000001 lw       a3, s0, -52
PC=00000424, [00100513], x10=00000001, x00=00000000, x01=00000108 addi     a0, zero, 1
PC=00000428, [00000593], x11=00000000, x00=00000000, x00=00000000 addi     a1, zero, 0
PC=0000042c, [00a60733], x14=00000002, x12=00000001, x10=00000001 add      a4, a2, a0
PC=00000430, [00070813], x16=00000002, x14=00000002, x00=00000000 addi     a6, a4, 0
PC=00000434, [00c83833], x16=00000000, x16=00000002, x12=00000001 sltu     a6, a6, a2
PC=00000438, [00b687b3], x15=00000000, x13=00000000, x11=00000000 add      a5, a3, a1
PC=0000043c, [00f806b3], x13=00000000, x16=00000000, x15=00000000 add      a3, a6, a5
PC=00000440, [00068793], x15=00000000, x13=00000000, x00=00000000 addi     a5, a3, 0
PC=00000444, [fce42423], x08=00500000, x08=00500000, x14=00000002 sw       a4, -56(s0)
PC=00000448, [fcf42623], x12=00000001, x08=00500000, x15=00000000 sw       a5, -52(s0)
PC=0000044c, [fcc42783], x15=00000000, x08=00500000, x12=00000001 lw       a5, s0, -52
PC=00000450, [00f04c63], x24=00000000, x00=00000000, x15=00000000 blt      zero, a5, 24
PC=00000454, [fcc42783], x15=00000000, x08=00500000, x12=00000001 lw       a5, s0, -52
PC=00000458, [f8079ae3], x21=00000000, x15=00000000, x00=00000000 bne      a5, zero, -108
PC=0000045c, [fc842703], x14=00000002, x08=00500000, x08=00500000 lw       a4, s0, -56
PC=00000460, [00400793], x15=00000004, x00=00000000, x04=00000000 addi     a5, zero, 4
PC=00000464, [f8e7f4e3], x09=00000000, x15=00000004, x14=00000002 bgeu     a5, a4, -120
PC=000003ec, [fe842603], x12=00000025, x08=00500000, x08=00500000 lw       a2, s0, -24
PC=000003f0, [fec42683], x13=00000000, x08=00500000, x12=00000025 lw       a3, s0, -20
PC=000003f4, [00100513], x10=00000001, x00=00000000, x01=00000108 addi     a0, zero, 1
PC=000003f8, [00000593], x11=00000000, x00=00000000, x00=00000000 addi     a1, zero, 0
PC=000003fc, [00a60733], x14=00000026, x12=00000025, x10=00000001 add      a4, a2, a0
PC=00000400, [00070813], x16=00000026, x14=00000026, x00=00000000 addi     a6, a4, 0
PC=00000404, [00c83833], x16=00000000, x16=00000026, x12=00000025 sltu     a6, a6, a2
PC=00000408, [00b687b3], x15=00000000, x13=00000000, x11=00000000 add      a5, a3, a1
PC=0000040c, [00f806b3], x13=00000000, x16=00000000, x15=00000000 add      a3, a6, a5
PC=00000410, [00068793], x15=00000000, x13=00000000, x00=00000000 addi     a5, a3, 0
PC=00000414, [fee42423], x08=00500000, x08=00500000, x14=00000026 sw       a4, -24(s0)
PC=00000418, [fef42623], x12=00000025, x08=00500000, x15=00000000 sw       a5, -20(s0)
PC=0000041c, [fc842603], x12=00000002, x08=00500000, x08=00500000 lw       a2, s0, -56
PC=00000420, [fcc42683], x13=00000000, x08=00500000, x12=00000002 lw       a3, s0, -52
PC=00000424, [00100513], x10=00000001, x00=00000000, x01=00000108 addi     a0, zero, 1
PC=00000428, [00000593], x11=00000000, x00=00000000, x00=00000000 addi     a1, zero, 0
PC=0000042c, [00a60733], x14=00000003, x12=00000002, x10=00000001 add      a4, a2, a0
PC=00000430, [00070813], x16=00000003, x14=00000003, x00=00000000 addi     a6, a4, 0
PC=00000434, [00c83833], x16=00000000, x16=00000003, x12=00000002 sltu     a6, a6, a2
PC=00000438, [00b687b3], x15=00000000, x13=00000000, x11=00000000 add      a5, a3, a1
PC=0000043c, [00f806b3], x13=00000000, x16=00000000, x15=00000000 add      a3, a6, a5
PC=00000440, [00068793], x15=00000000, x13=00000000, x00=00000000 addi     a5, a3, 0
PC=00000444, [fce42423], x08=00500000, x08=00500000, x14=00000003 sw       a4, -56(s0)
PC=00000448, [fcf42623], x12=00000002, x08=00500000, x15=00000000 sw       a5, -52(s0)
PC=0000044c, [fcc42783], x15=00000000, x08=00500000, x12=00000002 lw       a5, s0, -52
PC=00000450, [00f04c63], x24=00000000, x00=00000000, x15=00000000 blt      zero, a5, 24
PC=00000454, [fcc42783], x15=00000000, x08=00500000, x12=00000002 lw       a5, s0, -52
PC=00000458, [f8079ae3], x21=00000000, x15=00000000, x00=00000000 bne      a5, zero, -108
PC=0000045c, [fc842703], x14=00000003, x08=00500000, x08=00500000 lw       a4, s0, -56
PC=00000460, [00400793], x15=00000004, x00=00000000, x04=00000000 addi     a5, zero, 4
PC=00000464, [f8e7f4e3], x09=00000000, x15=00000004, x14=00000003 bgeu     a5, a4, -120
PC=000003ec, [fe842603], x12=00000026, x08=00500000, x08=00500000 lw       a2, s0, -24
PC=000003f0, [fec42683], x13=00000000, x08=00500000, x12=00000026 lw       a3, s0, -20
PC=000003f4, [00100513], x10=00000001, x00=00000000, x01=00000108 addi     a0, zero, 1
PC=000003f8, [00000593], x11=00000000, x00=00000000, x00=00000000 addi     a1, zero, 0
PC=000003fc, [00a60733], x14=00000027, x12=00000026, x10=00000001 add      a4, a2, a0
PC=00000400, [00070813], x16=00000027, x14=00000027, x00=00000000 addi     a6, a4, 0
PC=00000404, [00c83833], x16=00000000, x16=00000027, x12=00000026 sltu     a6, a6, a2
PC=00000408, [00b687b3], x15=00000000, x13=00000000, x11=00000000 add      a5, a3, a1
PC=0000040c, [00f806b3], x13=00000000, x16=00000000, x15=00000000 add      a3, a6, a5
PC=00000410, [00068793], x15=00000000, x13=00000000, x00=00000000 addi     a5, a3, 0
PC=00000414, [fee42423], x08=00500000, x08=00500000, x14=00000027 sw       a4, -24(s0)
PC=00000418, [fef42623], x12=00000026, x08=00500000, x15=00000000 sw       a5, -20(s0)
PC=0000041c, [fc842603], x12=00000003, x08=00500000, x08=00500000 lw       a2, s0, -56
PC=00000420, [fcc42683], x13=00000000, x08=00500000, x12=00000003 lw       a3, s0, -52
PC=00000424, [00100513], x10=00000001, x00=00000000, x01=00000108 addi     a0, zero, 1
PC=00000428, [00000593], x11=00000000, x00=00000000, x00=00000000 addi     a1, zero, 0
PC=0000042c, [00a60733], x14=00000004, x12=00000003, x10=00000001 add      a4, a2, a0
PC=00000430, [00070813], x16=00000004, x14=00000004, x00=00000000 addi     a6, a4, 0
PC=00000434, [00c83833], x16=00000000, x16=00000004, x12=00000003 sltu     a6, a6, a2
PC=00000438, [00b687b3], x15=00000000, x13=00000000, x11=00000000 add      a5, a3, a1
PC=0000043c, [00f806b3], x13=00000000, x16=00000000, x15=00000000 add      a3, a6, a5
PC=00000440, [00068793], x15=00000000, x13=00000000, x00=00000000 addi     a5, a3, 0
PC=00000444, [fce42423], x08=00500000, x08=00500000, x14=00000004 sw       a4, -56(s0)
PC=00000448, [fcf42623], x12=00000003, x08=00500000, x15=00000000 sw       a5, -52(s0)
PC=0000044c, [fcc42783], x15=00000000, x08=00500000, x12=00000003 lw       a5, s0, -52
PC=00000450, [00f04c63], x24=00000000, x00=00000000, x15=00000000 blt      zero, a5, 24
PC=00000454, [fcc42783], x15=00000000, x08=00500000, x12=00000003 lw       a5, s0, -52
PC=00000458, [f8079ae3], x21=00000000, x15=00000000, x00=00000000 bne      a5, zero, -108
PC=0000045c, [fc842703], x14=00000004, x08=00500000, x08=00500000 lw       a4, s0, -56
PC=00000460, [00400793], x15=00000004, x00=00000000, x04=00000000 addi     a5, zero, 4
PC=00000464, [f8e7f4e3], x09=00000000, x15=00000004, x14=00000004 bgeu     a5, a4, -120
PC=000003ec, [fe842603], x12=00000027, x08=00500000, x08=00500000 lw       a2, s0, -24
PC=000003f0, [fec42683], x13=00000000, x08=00500000, x12=00000027 lw       a3, s0, -20
PC=000003f4, [00100513], x10=00000001, x00=00000000, x01=00000108 addi     a0, zero, 1
PC=000003f8, [00000593], x11=00000000, x00=00000000, x00=00000000 addi     a1, zero, 0
PC=000003fc, [00a60733], x14=00000028, x12=00000027, x10=00000001 add      a4, a2, a0
PC=00000400, [00070813], x16=00000028, x14=00000028, x00=00000000 addi     a6, a4, 0
PC=00000404, [00c83833], x16=00000000, x16=00000028, x12=00000027 sltu     a6, a6, a2
PC=00000408, [00b687b3], x15=00000000, x13=00000000, x11=00000000 add      a5, a3, a1
PC=0000040c, [00f806b3], x13=00000000, x16=00000000, x15=00000000 add      a3, a6, a5
PC=00000410, [00068793], x15=00000000, x13=00000000, x00=00000000 addi     a5, a3, 0
PC=00000414, [fee42423], x08=00500000, x08=00500000, x14=00000028 sw       a4, -24(s0)
PC=00000418, [fef42623], x12=00000027, x08=00500000, x15=00000000 sw       a5, -20(s0)
PC=0000041c, [fc842603], x12=00000004, x08=00500000, x08=00500000 lw       a2, s0, -56
PC=00000420, [fcc42683], x13=00000000, x08=00500000, x12=00000004 lw       a3, s0, -52
PC=00000424, [00100513], x10=00000001, x00=00000000, x01=00000108 addi     a0, zero, 1
PC=00000428, [00000593], x11=00000000, x00=00000000, x00=00000000 addi     a1, zero, 0
PC=0000042c, [00a60733], x14=00000005, x12=00000004, x10=00000001 add      a4, a2, a0
PC=00000430, [00070813], x16=00000005, x14=00000005, x00=00000000 addi     a6, a4, 0
PC=00000434, [00c83833], x16=00000000, x16=00000005, x12=00000004 sltu     a6, a6, a2
PC=00000438, [00b687b3], x15=00000000, x13=00000000, x11=00000000 add      a5, a3, a1
PC=0000043c, [00f806b3], x13=00000000, x16=00000000, x15=00000000 add      a3, a6, a5
PC=00000440, [00068793], x15=00000000, x13=00000000, x00=00000000 addi     a5, a3, 0
PC=00000444, [fce42423], x08=00500000, x08=00500000, x14=00000005 sw       a4, -56(s0)
PC=00000448, [fcf42623], x12=00000004, x08=00500000, x15=00000000 sw       a5, -52(s0)
PC=0000044c, [fcc42783], x15=00000000, x08=00500000, x12=00000004 lw       a5, s0, -52
PC=00000450, [00f04c63], x24=00000000, x00=00000000, x15=00000000 blt      zero, a5, 24
PC=00000454, [fcc42783], x15=00000000, x08=00500000, x12=00000004 lw       a5, s0, -52
PC=00000458, [f8079ae3], x21=00000000, x15=00000000, x00=00000000 bne      a5, zero, -108
PC=0000045c, [fc842703], x14=00000005, x08=00500000, x08=00500000 lw       a4, s0, -56
PC=00000460, [00400793], x15=00000004, x00=00000000, x04=00000000 addi     a5, zero, 4
PC=00000464, [f8e7f4e3], x09=00000000, x15=00000004, x14=00000005 bgeu     a5, a4, -120
PC=00000468, [00000793], x15=00000000, x00=00000000, x00=00000000 addi     a5, zero, 0
PC=0000046c, [00000813], x16=00000000, x00=00000000, x00=00000000 addi     a6, zero, 0
PC=00000470, [fcf42423], x08=00500000, x08=00500000, x15=00000000 sw       a5, -56(s0)
PC=00000474, [fd042623], x12=00000004, x08=00500000, x16=00000000 sw       a6, -52(s0)
PC=00000478, [00000793], x15=00000000, x00=00000000, x00=00000000 addi     a5, zero, 0
PC=0000047c, [00078513], x10=00000000, x15=00000000, x00=00000000 addi     a0, a5, 0
PC=00000480, [03c12403], x08=00000000, x02=004fffc0, x28=00000000 lw       s0, sp, 60
PC=00000484, [04010113], x02=00500000, x02=004fffc0, x00=00000000 addi     sp, sp, 64
PC=00000488, [00008067], x00=00000000, x01=00000108, x00=00000000 jalr     zero, ra, 0
PC=00000108, [200002b7], x05=20000000, x00=00000000, x00=00000000 lui      t0, 131072
PC=0000010c, [000280e7], x01=00000110, x05=20000000, x00=00000000 jalr     ra, t0, 0
